jlpune, , Prachi parshivnikar, prachiparshivinkar@gmail.com - Skipping...
jlpune, 9881064419, haresh ,  - 1,This customer is already a fan
ne jlpune-custlist-1.csv wards.com/www/store/loaddata# php addCustomers.php jlpun
jlpune, , Amruta multa, amrutamultha@gmail.com - Skipping...
jlpune, , Parivesh, pariveshagrawal@yahoo.com - Skipping...
jlpune, , Prachi parshivnikar, prachiparshivinkar@gmail.com - Skipping...
jlpune, 8007878666, haresh ,  - 0,Customer successfully added.
jlpune, , Feroz khan sultani, feroz_143_f@yahoo.com - Skipping...
jlpune, 9049493614, Sair sharma, surbhisharma91@yahoo.com - 1,This customer is already a fan
jlpune, 9867777035, Huzefa handy, huzefahandy@gmail.com - 1,This customer is already a fan
jlpune, , kailesh bajaj,  - Skipping...
jlpune, 9004391948, Sujata chokrovathy,  - 1,This customer is already a fan
jlpune, 9822309201, Jayanti shetty, shettyjay@gmail.com - 1,This customer is already a fan
jlpune, 9890071897, Abhishek azora ,  - 1,This customer is already a fan
jlpune, , Heena khiany, heenakhiani@gmail.com - Skipping...
jlpune, 9766655090, Vishal gorai,  - 1,This customer is already a fan
jlpune, 9890972027, Sachin parulkar, parulkarsachin@yahoo.co.in - 1,This customer is already a fan
jlpune, , Ms. Loise varghese,  - Skipping...
jlpune, 8087613374, Dimpal sethiya, dimple1908@gmail.com - 1,This customer is already a fan
jlpune, 9970049749, Praghti,  - 1,This customer is already a fan
jlpune, 9975297046, Pracheeti dange, pracheeti49@gmail.com - 1,This customer is already a fan
jlpune, 9225574273, Vidhi mahesh joshi, vidhi1810@gmail.com - 1,This customer is already a fan
jlpune, 9326030310, Abhipsa, oshoabhipsa@yahoo.com - 1,This customer is already a fan
jlpune, , Vinit A,  - Skipping...
jlpune, 9850468970, Shelija vishev, shallivishev@yahoo.com - 0,Customer successfully added.
jlpune, 9096963083, Snehal, snehuz.p@gamil.com - 0,Customer successfully added.
jlpune, 9762494675, Bodhi T .J , bodhitj@gmail.com - 0,Customer successfully added.
jlpune, 9923699515, Hemanshu , narshana.hemanushu@gamil.com - 0,Customer successfully added.
jlpune, 9881315757, Ganesh,  - 0,Customer successfully added.
jlpune, 9766723373, Zaara,  - 0,Customer successfully added.
jlpune, 9881150917, Alankar,  - 0,Customer successfully added.
jlpune, 9923770217, Parind,  - 0,Customer successfully added.
jlpune, 9225501067, Usha,  - 0,Customer successfully added.
jlpune, 9922009762, Sunaina S khanna, kharyasunaina@gamil.com - 0,Customer successfully added.
jlpune, 9860560488, Sapna Shroff,  - 0,Customer successfully added.
jlpune, 9860092908, Vrjay , vrshimpi@gamil.com - 0,Customer successfully added.
jlpune, 9822371000, Nitesh Grover,  - 0,Customer successfully added.
jlpune, 9545926617, Sneha,  - 0,Customer successfully added.
jlpune, 9764125549, Psuhpak,  - 0,Customer successfully added.
jlpune, 9909911981, Lesle geroge, mrlesliegeorge@hotmail.com - 0,Customer successfully added.
jlpune, , Sanjeev Das, sanjeevkdas@hotmail.com - Skipping...
jlpune, 9960780007, Jameer Dati, zam_dati@yahoo.com - 0,Customer successfully added.
jlpune, , Chitra Chavan,  - Skipping...

