10.1091.jpg
10.1092.jpg
10.1093.jpg
10.1094.jpg
10.1095.jpeg
10.1095.jpg
10.1096.jpeg
10.1096.jpg
10.1097.jpg
10.1145.jpeg
10.1153.jpg
10.1154.jpg
10.1155.jpg
10.1156.jpg
10.1157.jpg
10.1158.jpg
10.1159.jpg
10.1160.jpg
10.1161.jpg
10.4646.jpeg
10.665.jpg
10.667.jpg
10.668.jpeg
10.668.jpg
10.669.jpeg
10.669.jpg
10.670.jpg
10.7068.jpeg
10.9372.jpeg
10.A10010.jpeg
10.A10246.jpeg
10.A10247.jpeg
10.A10786.jpeg
10.A1515.jpeg
10.A1516.jpeg
10.A1517.jpeg
10.A4711.jpeg
10.A4712.jpeg
10.A4713.jpeg
10.A5873.jpeg
10.A6379.jpeg
10.A8667.jpeg
10.A9302.jpeg
10.A9601.jpeg
10.A9602.jpeg
10.A9603.jpeg
10.A9706.jpeg
10.A9708.jpeg
10.A9716.jpeg
10.A9809.jpeg
10.A9811.jpeg
10.B9831.jpeg
10.C12218.jpeg
10.C12219.jpeg
10.C12220.jpeg
10.C692.jpeg
10.L10011.jpeg
10.L10013.jpeg
10.L10014.jpeg
10.L10148.jpeg
10.L10149.jpeg
10.L10151.jpeg
10.L10207.jpeg
10.L10208.jpeg
10.L10209.jpeg
10.L10221.jpeg
10.L10223.jpeg
10.L10224.jpeg
10.l10225.jpeg
10.L10226.jpeg
10.L10227.jpeg
10.L10228.jpeg
10.L10229.jpeg
10.L10230.jpeg
10.L10231.jpeg
10.L10232.jpeg
10.L10233.jpeg
10.L10234.jpeg
10.L10235.jpeg
10.L10236.jpeg
10.L10237.jpeg
10.L10238.jpeg
10.l10239.jpeg
10.L10241.jpeg
10.L10249.jpeg
10.L10250.jpeg
10.L10251.jpeg
10.L10252.jpeg
10.L10253.jpeg
10.L10254.jpeg
10.L10255.jpeg
10.L10256.jpeg
10.L10257.jpeg
10.L10372.jpeg
10.L10373.jpeg
10.L10374.jpeg
10.l10386.jpeg
10.L10387.jpeg
10.L10388.jpeg
10.L10389.jpeg
10.L10390.jpeg
10.L10391.jpeg
10.L10392.jpeg
10.L10636.jpeg
10.L10663.jpeg
10.L10664.jpeg
10.L10665.jpeg
10.L10667.jpeg
10.L10668.jpeg
10.L10669.jpeg
10.L10670.jpeg
10.L10671.jpeg
10.L10772.jpeg
10.L10774.jpeg
10.L10775.jpeg
10.L10776.jpeg
10.l10778.jpeg
10.L10778.jpeg
10.L10779.jpeg
10.L10780.jpeg
10.L10781.jpeg
10.L10782.jpeg
10.L10783.jpeg
10.L10784.jpeg
10.L10785.jpeg
10.L10787.jpeg
10.L10788.jpeg
10.L10789.jpeg
10.L10792.jpeg
10.L10798.jpeg
10.L1095.jpeg
10.L11131.jpeg
10.L11132.jpeg
10.L11133.jpeg
10.L11374.jpeg
10.L11529.jpeg
10.L11530.jpeg
10.L11531.jpeg
10.L12017.jpeg
10.L12018.jpeg
10.L12019.jpeg
10.L12020.jpeg
10.L12057.jpeg
10.L12060.jpeg
10.L12061.jpeg
10.L12062.jpeg
10.L12063.jpeg
10.L12064.jpeg
10.L12067.jpeg
10.L12218.jpeg
10.L12219.jpeg
10.L12220.jpeg
10.l12243.jpeg
10.L12244.jpeg
10.L12245.jpeg
10.l12246.jpeg
10.L12246.jpeg
10.L12417.jpeg
10.L13184.jpeg
10.L13187.jpeg
10.L13188.jpeg
10.L13189.jpeg
10.l13190.jpeg
10.L13191.jpeg
10.L13394.jpeg
10.L13396.jpeg
10.L13397.jpeg
10.L13399.jpeg
10.L13401.jpeg
10.L13403.jpeg
10.L13404.jpeg
10.l13438.jpeg
10.L13453.jpeg
10.L13454.jpeg
10.L13455.jpeg
10.L13456.jpeg
10.L13458.jpeg
10.l13473.jpeg
10.L13485.jpeg
10.L13486.jpeg
10.L13487.jpeg
10.l13489.jpeg
10.l13490.jpeg
10.l13491.jpeg
10.L13492.jpeg
10.l13493.jpeg
10.L13513.jpeg
10.L13514.jpeg
10.L13515.jpeg
10.L13517.jpeg
10.L13562.jpeg
10.L13563.jpeg
10.L13564.jpeg
10.L13590.jpeg
10.L13591.jpeg
10.L13592.jpeg
10.L13593.jpeg
10.L13594.jpeg
10.l14157.jpeg
10.L14157.jpeg
10.l14158.jpeg
10.l14159.jpeg
10.l14160.jpeg
10.L14493.jpeg
10.L14494.jpeg
10.L14495.jpeg
10.L14496.jpeg
10.L14497.jpeg
10.L14498.jpeg
10.L14503.jpeg
10.L14504.jpeg
10.l14505.jpeg
10.L14592.jpeg
10.l14681.jpeg
10.L14681.jpeg
10.L14721.jpeg
10.L14722.jpeg
10.L14818.jpeg
10.L14819.jpeg
10.L14820.jpeg
10.L14821.jpeg
10.L1509.jpeg
10.L1510.jpeg
10.L1511.jpeg
10.L1512.jpeg
10.L1515.jpeg
10.L1516.jpeg
10.L1517.jpeg
10.L1534.jpeg
10.L1535.jpeg
10.L1536.jpeg
10.L1537.jpeg
10.L1538.jpeg
10.L1539.jpeg
10.L1540.jpeg
10.L1541.jpeg
10.L1542.jpeg
10.L1543.jpeg
10.L15500.jpeg
10.L15957.jpeg
10.L1824.jpeg
10.L1825.jpeg
10.L1999.jpeg
10.L2088.jpeg
10.L2089.jpeg
10.L2105.jpeg
10.L2106.jpeg
10.L2107.jpeg
10.L2108.jpeg
10.L2253.jpeg
10.L2649.jpeg
10.L2650.jpeg
10.L2826.jpeg
10.L2840.jpeg
10.L2842.jpeg
10.L2843.jpeg
10.L2844.jpeg
10.L2845.jpeg
10.L2846.jpeg
10.L30002.jpeg
10.L30003.jpeg
10.L30004.jpeg
10.L30149.jpeg
10.L30338.jpeg
10.L30339.jpeg
10.L30340.jpeg
10.L30403.jpeg
10.L30406.jpeg
10.L30410.jpeg
10.L30411.jpeg
10.L30440.jpeg
10.L30452.jpeg
10.l30453.jpeg
10.L30454.jpeg
10.L30455.jpeg
10.l30619.jpeg
10.L30619.jpeg
10.L3072.jpeg
10.L3073.jpeg
10.L3074.jpeg
10.L3075.jpeg
10.L3076.jpeg
10.L3077.jpeg
10.L3078.jpeg
10.L3079.jpeg
10.L3081.jpeg
10.L3082.jpeg
10.L3083.jpeg
10.L3085.jpeg
10.L3086.jpeg
10.L3087.jpeg
10.L3088.jpeg
10.L3140.jpeg
10.L3141.jpeg
10.L3143.jpeg
10.L3145.jpeg
10.L3146.jpeg
10.L3149.jpeg
10.L3150.jpeg
10.L3151.jpeg
10.L3152.jpeg
10.L3153.jpeg
10.L3154.jpeg
10.L3155.jpeg
10.L3156.jpeg
10.L3157.jpeg
10.L3158.jpeg
10.L3160.jpeg
10.L3291.jpeg
10.L3292.jpeg
10.L3293.jpeg
10.L3369.jpeg
10.L3370.jpeg
10.L3371.jpeg
10.L3372.jpeg
10.L3373.jpeg
10.L3374.jpeg
10.L4053.jpeg
10.L4409.jpeg
10.L4410.jpeg
10.L4411.jpeg
10.L4412.jpeg
10.L4413.jpeg
10.L4414.jpeg
10.L4415.jpeg
10.L4417.jpeg
10.L4418.jpeg
10.L4419.jpeg
10.L4420.jpeg
10.L4421.jpeg
10.L4422.jpeg
10.L4423.jpeg
10.L4425.jpeg
10.L4426.jpeg
10.L4427.jpeg
10.L4428.jpeg
10.L4429.jpeg
10.L4430.jpeg
10.L4431.jpeg
10.L4432.jpeg
10.L4433.jpeg
10.L4434.jpeg
10.L4435.jpeg
10.l4436.jpeg
10.L4436.jpeg
10.L4437.jpeg
10.L4438.jpeg
10.L4439.jpeg
10.L4441.jpeg
10.L4443.jpeg
10.L4444.jpeg
10.L4446.jpeg
10.L4646.jpeg
10.L4702.jpeg
10.L4703.jpeg
10.L4705.jpeg
10.L4711.jpeg
10.L4712.jpeg
10.L4713.jpeg
10.L4714.jpeg
10.L4716.jpeg
10.L4717.jpeg
10.L4718.jpeg
10.L4719.jpeg
10.L4957.jpeg
10.L4959.jpeg
10.L4960.jpeg
10.L4974.jpeg
10.L4975.jpeg
10.L4976.jpeg
10.L4978.jpeg
10.L4979.jpeg
10.L4980.jpeg
10.L4981.jpeg
10.L4982.jpeg
10.L4983.jpeg
10.L4984.jpeg
10.L4986.jpeg
10.L4987.jpeg
10.L4988.jpeg
10.L4989.jpeg
10.L4990.jpeg
10.L4991.jpeg
10.L4992.jpeg
10.L4993.jpeg
10.L4994.jpeg
10.L4995.jpeg
10.L4996.jpeg
10.L4997.jpeg
10.L4998.jpeg
10.L4999.jpeg
10.L5000.jpeg
10.L5033.jpeg
10.L5034.jpeg
10.L5035.jpeg
10.L5036.jpeg
10.L5037.jpeg
10.L5038.jpeg
10.L5039.jpeg
10.L5134.jpeg
10.L5135.jpeg
10.L5136.jpeg
10.L5137.jpeg
10.L5138.jpeg
10.L5139.jpeg
10.L5140.jpeg
10.L5141.jpeg
10.L5142.jpeg
10.L5143.jpeg
10.L5144.jpeg
10.L5145.jpeg
10.L5500.jpeg
10.L5501.jpeg
10.L5503.jpeg
10.L5504.jpeg
10.L5505.jpeg
10.L556.jpeg
10.L557.jpeg
10.L558.jpeg
10.L559.jpeg
10.L5619.jpeg
10.L5620.jpeg
10.L5622.jpeg
10.L5627.jpeg
10.L5630.jpeg
10.L5631.jpeg
10.L5632.jpeg
10.L5873.jpeg
10.L5999.jpeg
10.L6000.jpeg
10.L6001.jpeg
10.L6002.jpeg
10.L6003.jpeg
10.L6004.jpeg
10.L6005.jpeg
10.L6006.jpeg
10.L6007.jpeg
10.L6379.jpeg
10.L6380.jpeg
10.L6381.jpeg
10.L6382.jpeg
10.L6384.jpeg
10.L6385.jpeg
10.L6422.jpeg
10.L651.jpeg
10.L652.jpeg
10.L653.jpeg
10.L654.jpeg
10.L655.jpeg
10.L656.jpeg
10.L657.jpeg
10.L658.jpeg
10.L659.jpeg
10.L6662.jpeg
10.L6663.jpeg
10.L6664.jpeg
10.L6665.jpeg
10.L6666.jpeg
10.L6667.jpeg
10.L6668.jpeg
10.L6669.jpeg
10.L6670.jpeg
10.L6671.jpeg
10.L6672.jpeg
10.L6673.jpeg
10.L6674.jpeg
10.L6675.jpeg
10.L6676.jpeg
10.L6677.jpeg
10.L6764.jpeg
10.L6765.jpeg
10.L6766.jpeg
10.L6767.jpeg
10.L690.jpeg
10.L691.jpeg
10.L693.jpeg
10.L694.jpeg
10.L695.jpeg
10.L7110.jpeg
10.L7127.jpeg
10.L7128.jpeg
10.L7129.jpeg
10.L7130.jpeg
10.L7131.jpeg
10.L7132.jpeg
10.L7133.jpeg
10.L7134.jpeg
10.L7135.jpeg
10.L7136.jpeg
10.L7166.jpeg
10.L7167.jpeg
10.L7168.jpeg
10.L7169.jpeg
10.L7170.jpeg
10.L7171.jpeg
10.L7172.jpeg
10.L7173.jpeg
10.L7174.jpeg
10.L7175.jpeg
10.L7176.jpeg
10.L7177.jpeg
10.L7178.jpeg
10.L7179.jpeg
10.L7180.jpeg
10.L7181.jpeg
10.L7182.jpeg
10.L7189.jpeg
10.L7190.jpeg
10.L7448.jpeg
10.L7449.jpeg
10.L7450.jpeg
10.L7456.jpeg
10.L7658.jpeg
10.L7659.jpeg
10.L7660.jpeg
10.L7662.jpeg
10.L7753.jpeg
10.L7754.jpeg
10.L7755.jpeg
10.L7756.jpeg
10.L7757.jpeg
10.L7769.jpeg
10.L7771.jpeg
10.L7772.jpeg
10.l7774.jpeg
10.L7774.jpeg
10.L7775.jpeg
10.L7860.jpeg
10.L7861.jpeg
10.L7862.jpeg
10.L7863.jpeg
10.L7864.jpeg
10.L7866.jpeg
10.L7869.jpeg
10.L7870.jpeg
10.L7871.jpeg
10.L7872.jpeg
10.L7873.jpeg
10.L7874.jpeg
10.L7875.jpeg
10.L7876.jpeg
10.L7877.jpeg
10.L7878.jpeg
10.L7879.jpeg
10.L7880.jpeg
10.L7881.jpeg
10.L7882.jpeg
10.L7883.jpeg
10.L7884.jpeg
10.L7885.jpeg
10.L7886.jpeg
10.L7887.jpeg
10.L7888.jpeg
10.L7889.jpeg
10.L7890.jpeg
10.L7891.jpeg
10.L7892.jpeg
10.L7893.jpeg
10.L7899.jpeg
10.L7900.jpeg
10.L7901.jpeg
10.L7902.jpeg
10.L7903.jpeg
10.L7904.jpeg
10.L7905.jpeg
10.L7906.jpeg
10.L7907.jpeg
10.L7908.jpeg
10.L8561.jpeg
10.L8562.jpeg
10.L8563.jpeg
10.L8666.jpeg
10.L8669.jpeg
10.L8670.jpeg
10.L8678.jpeg
10.L8679.jpeg
10.L8680.jpeg
10.L8682.jpeg
10.L8683.jpeg
10.L8684.jpeg
10.L8685.jpeg
10.L8711.jpeg
10.L8712.jpeg
10.L8713.jpeg
10.L8714.jpeg
10.L8715.jpeg
10.L9069.jpeg
10.L9070.jpeg
10.L9072.jpeg
10.L9073.jpeg
10.L9074.jpeg
10.L9075.jpeg
10.L9076.jpeg
10.L9077.jpeg
10.L9078.jpeg
10.L9079.jpeg
10.L9080.jpeg
10.L9081.jpeg
10.L9082.jpeg
10.L9083.jpeg
10.L9084.jpeg
10.L9085.jpeg
10.L9086.jpeg
10.L9087.jpeg
10.L9088.jpeg
10.L9089.jpeg
10.L9090.jpeg
10.L9091.jpeg
10.L9092.jpeg
10.L9093.jpeg
10.L9094.jpeg
10.L9095.jpeg
10.L9096.jpeg
10.L9097.jpeg
10.L9098.jpeg
10.L9099.jpeg
10.L9100.jpeg
10.L9101.jpeg
10.L9102.jpeg
10.L9167.jpeg
10.L9168.jpeg
10.L9169.jpeg
10.L9170.jpeg
10.L9171.jpeg
10.L9172.jpeg
10.L9173.jpeg
10.L9174.jpeg
10.L9175.jpeg
10.L9176.jpeg
10.L9177.jpeg
10.L9178.jpeg
10.L9179.jpeg
10.L9180.jpeg
10.L9181.jpeg
10.L9182.jpeg
10.l9258.jpeg
10.L9259.jpeg
10.L9260.jpeg
10.L9261.jpeg
10.L9262.jpeg
10.L9263.jpeg
10.L9264.jpeg
10.L9265.jpeg
10.L9266.jpeg
10.L9269.jpeg
10.L9270.jpeg
10.L9271.jpeg
10.l9272.jpeg
10.L9272.jpeg
10.L9273.jpeg
10.l9290.jpeg
10.L9290.jpeg
10.L9291.jpeg
10.L9295.jpeg
10.L9302.jpeg
10.l9316.jpeg
10.L9316.jpeg
10.L9317.jpeg
10.L9367.jpeg
10.L9368.jpeg
10.L9369.jpeg
10.L9370.jpeg
10.L9371.jpeg
10.l9374.jpeg
10.L9375.jpeg
10.L9376.jpeg
10.L9377.jpeg
10.L9378.jpeg
10.L9379.jpeg
10.L9380.jpeg
10.L9381.jpeg
10.L9382.jpeg
10.L9383.jpeg
10.L9384.jpeg
10.L9385.jpeg
10.L9390.jpeg
10.L9391.jpeg
10.L9392.jpeg
10.L9557.jpeg
10.L9558.jpeg
10.L9559.jpeg
10.L9560.jpeg
10.L9561.jpeg
10.L9563.jpeg
10.L9564.jpeg
10.L9565.jpeg
10.L9566.jpeg
10.L9567.jpeg
10.L9568.jpeg
10.L9569.jpeg
10.L9570.jpeg
10.L9571.jpeg
10.L9572.jpeg
10.L9573.jpeg
10.L9574.jpeg
10.L9575.jpeg
10.L9576.jpeg
10.L9577.jpeg
10.L9578.jpeg
10.l9579.jpeg
10.L9580.jpeg
10.L9581.jpeg
10.L9582.jpeg
10.L9585.jpeg
10.L9586.jpeg
10.L9587.jpeg
10.L9591.jpeg
10.L9592.jpeg
10.L9593.jpeg
10.L9594.jpeg
10.L9595.jpeg
10.L9597.jpeg
10.L9601.jpeg
10.L9602.jpeg
10.L9603.jpeg
10.L9604.jpeg
10.L9606.jpeg
10.L9705.jpeg
10.L9706.jpeg
10.L9707.jpeg
10.L9708.jpeg
10.L9709.jpeg
10.L9710.jpeg
10.L9712.jpeg
10.l9713.jpeg
10.L9714.jpeg
10.L9715.jpeg
10.L9716.jpeg
10.L9717.jpeg
10.L9806.jpeg
10.L9808.jpeg
10.L9810.jpeg
10.L9831.jpeg
10.l9832.jpeg
10.L9832.jpeg
10.L9857.jpeg
10.L9858.jpeg
10.L9859.jpeg
10.M2106.jpeg
10.N11530.jpeg
10.N11531.jpeg
10.N12244.jpeg
10.N12245.jpeg
10.N12246.jpeg
10.N12417.jpeg
10.n1543.jpeg
10.N1999.jpeg
10.n4712.jpeg
10.N4712.jpeg
10.N4713.jpeg
10.N6767.jpeg
10.N8670.jpeg
10.N9706.jpeg
10.N9712.jpeg
10.N9716.jpeg
10.P6005.jpeg
10.T2253.jpeg
10.T9377.jpeg
10.T9378.jpeg
10.T9379.jpeg
10.T9380.jpeg
10.T9381.jpeg
10.T9382.jpeg
10.T9605.jpeg
10.T9606.jpeg
12.0711.jpeg
12.10040.jpeg
12.1044.jpg
12.1045.jpeg
12.1047.jpeg
12.1047.jpg
12.10557.jpeg
12.10558.jpeg
12.10560.jpeg
12.10730.jpeg
12.10734.jpeg
12.10737.jpeg
12.10738.jpeg
12.10740.jpeg
12.10741.jpeg
12.10903.jpeg
12.10904.jpeg
12.1094.jpg
12.10957.jpeg
12.1095.jpg
12.1097.jpg
12.11052.jpeg
12.11053.jpeg
12.1123.jpg
12.1124.jpg
12.1125.jpg
12.1126.jpg
12.1127.jpg
12.1128.jpg
12.1129.jpg
12.11449.jpeg
12.11453.jpeg
12.11455.jpeg
12.11519.jpeg
12.1153.jpg
12.1155.jpg
12.11560.jpeg
12.11561.jpeg
12.11563.jpeg
12.11570.jpeg
12.11634.jpeg
12.11666.jpeg
12.11667.jpeg
12.11705.jpeg
12.11717.jpeg
12.11759.jpeg
12.11760.jpeg
12.11763.jpeg
12.11764.jpeg
12.11811.jpeg
12.12005.jpeg
12.12006.jpeg
12.12007.jpeg
12.12008.jpeg
12.12069.jpeg
12.12296.jpeg
12.12297.jpeg
12.12298.jpeg
12.12306.jpeg
12.12307.jpeg
12.12455.jpeg
12.12459.jpeg
12.12461.jpeg
12.12466.jpeg
12.12467.jpeg
12.12468.jpeg
12.12721.jpeg
12.13100.jpeg
12.13420.jpeg
12.13424.jpeg
12.1462.jpg
12.1463.jpg
12.1464.jpg
12.1465.jpg
12.1466.jpg
12.1467.jpg
12.1468.jpg
12.1469.jpg
12.1470.jpg
12.1471.jpg
12.1472.jpg
12.1486.jpg
12.1487.jpg
12.1490.jpg
12.1491.jpg
12.1492.jpg
12.1496.jpg
12.1497.jpg
12.1498.jpg
12.1522.jpg
12.1528.jpg
12.1529.jpg
12.1530.jpg
12.1531.jpg
12.1532.jpg
12.1533.jpg
12.1646.jpg
12.1647.jpg
12.1673.jpeg
12.1674.jpeg
12.1681.jpeg
12.1683.jpg
12.1684.jpg
12.1685.jpg
12.1686.jpg
12.1751.jpeg
12.1752.jpeg
12.1753.jpeg
12.1754.jpeg
12.1938.jpeg
12.1938.jpg
12.1939.jpg
12.2095.jpeg
12.2163.jpeg
12.2164.jpeg
12.2165.jpeg
12.2166.jpeg
12.2167.jpeg
12.2173.jpeg
12.2175.jpeg
12.2176.jpeg
12.2178.jpeg
12.2179.jpeg
12.2180.jpeg
12.2182.jpeg
12.223.jpg
12.2446.jpeg
12.2971.jpeg
12.2972.jpeg
12.2973.jpeg
12.2976.jpeg
12.2980.jpeg
12.30015.jpeg
12.311.jpeg
12.3271.jpeg
12.3273.jpeg
12.3274.jpeg
12.3275.jpeg
12.3276.jpeg
12.3296.jpeg
12.3297.jpeg
12.3298.jpeg
12.3299.jpeg
12.3300.jpeg
12.3304.jpeg
12.3306.jpeg
12.3307.jpeg
12.3342.jpeg
12.3523.jpeg
12.3533.jpeg
12.3535.jpeg
12.3542.jpeg
12.3548.jpeg
12.3551.jpeg
12.4101.jpeg
12.411.jpeg
12.4130.jpeg
12.4133.jpeg
12.4448.jpeg
12.4494.jpeg
12.4502.jpeg
12.4508.jpeg
12.465.jpg
12.466.jpg
12.5030.jpeg
12.5318.jpeg
12.546.jpg
12.547.jpg
12.548.jpg
12.549.jpeg
12.551.jpg
12.552.jpg
12.553.jpg
12.554.jpg
12.555.jpg
12.5687.jpeg
12.5688.jpeg
12.585.jpg
12.586.jpg
12.587.jpg
12.600.jpg
12.603.jpg
12.611.jpg
12.612.jpg
12.6136.jpeg
12.613.jpg
12.614.jpeg
12.614.jpg
12.615.jpeg
12.615.jpg
12.616.jpeg
12.619.jpg
12.620.jpeg
12.620.jpg
12.625.jpg
12.626.jpg
12.6270.jpeg
12.6271.jpeg
12.6277.jpeg
12.627.jpg
12.6290.jpeg
12.6327.jpeg
12.632.jpg
12.633.jpg
12.636.jpg
12.637.jpg
12.638.jpg
12.639.jpg
12.6409.jpeg
12.640.jpg
12.6419.jpeg
12.641.jpg
12.642.jpg
12.643.jpg
12.644.jpg
12.645.jpg
12.646.jpg
12.647.jpg
12.648.jpg
12.649.jpg
12.650.jpg
12.676.jpg
12.6772.jpeg
12.6829.jpeg
12.6830.jpeg
12.6840.jpeg
12.684.jpg
12.6880.jpeg
12.6881.jpeg
12.7011.jpeg
12.7017.jpeg
12.7020.jpeg
12.7046.jpeg
12.711.jpeg
12.7126.jpeg
12.712.jpeg
12.7251.jpeg
12.7262.jpeg
12.7371.jpeg
12.7372.jpeg
12.7376.jpeg
12.7393.jpeg
12.7394.jpeg
12.7396.jpeg
12.7397.jpeg
12.7398.jpeg
12.7409.jpeg
12.7412.jpeg
12.7423.jpeg
12.7424.jpeg
12.7425.jpeg
12.7426.jpeg
12.7495.jpeg
12.755.jpg
12.756.jpg
12.757.jpg
12.758.jpg
12.759.jpg
12.760.jpg
12.761.jpg
12.762.jpg
12.7631.jpeg
12.7632.jpeg
12.7633.jpeg
12.7634.jpeg
12.7635.jpeg
12.7636.jpeg
12.763.jpg
12.7645.jpeg
12.7647.jpeg
12.7648.jpeg
12.7649.jpeg
12.764.jpg
12.7650.jpeg
12.7653.jpeg
12.7655.jpeg
12.765.jpg
12.767.jpg
12.769.jpg
12.770.jpg
12.773.jpg
12.775.jpg
12.776.jpg
12.777.jpg
12.778.jpg
12.779.jpg
12.8030.jpeg
12.8037.jpeg
12.8045.jpeg
12.8047.jpeg
12.8048.jpeg
12.8051.jpeg
12.8052.jpeg
12.8054.jpeg
12.8055.jpeg
12.8057.jpeg
12.8058.jpeg
12.8063.jpeg
12.811.jpg
12.812.jpg
12.813.jpg
12.819.jpg
12.821.jpg
12.8284.jpeg
12.8570.jpeg
12.8571.jpeg
12.8580.jpeg
12.8581.jpeg
12.8672.jpeg
12.8686.jpeg
12.8718.jpeg
12.8719.jpeg
12.8721.jpeg
12.8722.jpeg
12.8735.jpeg
12.8736.jpeg
12.8775.jpeg
12.8779.jpeg
12.8780.jpeg
12.8781.jpeg
12.8782.jpeg
12.8783.jpeg
12.8784.jpeg
12.8788.jpeg
12.8789.jpeg
12.8790.jpeg
12.8791.jpeg
12.8793.jpeg
12.8796.jpeg
12.8797.jpeg
12.8800.jpeg
12.8801.jpeg
12.8802.jpeg
12.8804.jpeg
12.8806.jpeg
12.8807.jpeg
12.8808.jpeg
12.8809.jpeg
12.8810.jpeg
12.8813.jpeg
12.8820.jpeg
12.8823.jpeg
12.8825.jpeg
12.8826.jpeg
12.8827.jpeg
12.8828.jpeg
12.8829.jpeg
12.8830.jpeg
12.8831.jpeg
12.8832.jpeg
12.8833.jpeg
12.8839.jpeg
12.8840.jpeg
12.8842.jpeg
12.8853.jpeg
12.8864.jpeg
12.8881.jpeg
12.8891.jpeg
12.8896.jpeg
12.9067.jpeg
12.9132.jpeg
12.9136.jpeg
12.9186.jpeg
12.9278.jpeg
12.9287.jpeg
12.9299.jpeg
12.9300.jpeg
12.9303.jpeg
12.9307.jpeg
12.9665.jpeg
12.9667.jpeg
12.9672.jpeg
12.9673.jpeg
12.9702.jpeg
12.9745.jpeg
12.9746.jpeg
12.9748.jpeg
12.9749.jpeg
12.9752.jpeg
12.9754.jpeg
12.9757.jpeg
12.9763.jpeg
12.9765.jpeg
12.9776.jpeg
12.9805.jpeg
12.982A.jpeg
12.9873.jpeg
12.A10121.jpeg
12.A1132.jpeg
12.A13560.jpeg
12.A13561.jpeg
12.A14700.jpeg
12.A1762.jpeg
12.A1763.jpeg
12.A-1938.jpeg
12.A1938.jpeg
12.a2005.jpeg
12.A2005.jpeg
12.A2015.jpeg
12.A2165.jpeg
12.A2169.jpeg
12.A2171.jpeg
12.A2178.jpeg
12.A2181.jpeg
12.A2972.jpeg
12.A2980.jpeg
12.A30590.jpeg
12.A3522.jpeg
12.A3523.jpeg
12.A4502.jpeg
12.A4508.jpeg
12.A4951.jpeg
12.A4952.jpeg
12.A5029.jpeg
12.A5030.jpeg
12.A6768.jpeg
12.A7652.jpeg
12.A8035.jpeg
12.A808.jpeg
12.A809.jpeg
12.A8102.jpeg
12.A810.jpeg
12.A812.jpeg
12.A814.jpeg
12.A816.jpeg
12.A818.jpeg
12.A822.jpeg
12.A823.jpeg
12.A8284.jpeg
12.A8580.jpeg
12.A8802.jpeg
12.A8812.jpeg
12.A-982.jpg
12.B1132.jpeg
12.B11703.jpeg
12.B13560.jpeg
12.B13561.jpeg
12.B1938.jpeg
12.B2005.jpeg
12.B2178.jpeg
12.B3523.jpeg
12.B4507.jpeg
12.B4511.jpeg
12.B4948.jpeg
12.B4949.jpeg
12.B4950.jpeg
12.B4951.jpeg
12.B5032.jpeg
12.B7079.jpeg
12.B8102.jpeg
12.B8284.jpeg
12.B8580.jpeg
12.b8802.jpeg
12.B8802.jpeg
12.C1131.jpeg
12.C13560.jpeg
12.c13561.jpeg
12.C14272.jpeg
12.C2005.jpeg
12.C4950.jpeg
12.D1131.jpeg
12.D13560.jpeg
12.D13561.jpeg
12.D2005.jpeg
12.D8580.jpeg
12.E1131.jpeg
12.E1132.jpeg
12.e13561.jpeg
12.E1938.jpeg
12.E2005.jpeg
12.e8284.jpeg
12.F1131.jpeg
12.F13670.jpeg
12.F13671.jpeg
12.F2005.jpeg
12.F6407.jpeg
12.F8284.jpeg
12.F8883.jpeg
12.G1132.jpeg
12.G13561.jpeg
12.G2005.jpeg
12.G8580.jpeg
12.H1132.jpeg
12.H13561.jpeg
12.H2005.jpeg
12.H8284.jpeg
12.H8580.jpeg
12.H8808.jpeg
12.H8813.jpeg
12.H8881.jpeg
12.I1131.jpeg
12.I1132.jpeg
12.i13560.jpeg
12.I13561.jpeg
12.I2005.jpeg
12.J1131.jpeg
12.j13561.jpeg
12.J2005.jpeg
12.J8284.jpeg
12.K13561.jpeg
12.K2005.jpeg
12.K8284.jpeg
12.L1047.jpeg
12.L10559.jpeg
12.L1131.jpeg
12.L11517.jpeg
12.L11906.jpeg
12.L11907.jpeg
12.L12298.jpeg
12.L13428.jpeg
12.L14009.jpeg
12.L14010.jpeg
12.L14012.jpeg
12.L1458.jpeg
12.L1459.jpeg
12.L1755.jpeg
12.L1756.jpeg
12.L1938.jpeg
12.L2004.jpeg
12.L2006.jpeg
12.L2007.jpeg
12.L2168.jpeg
12.L2179.jpeg
12.L2455.jpeg
12.L2457.jpeg
12.L2653.jpeg
12.L2654.jpeg
12.L2664.jpeg
12.L2665.jpeg
12.L2708.jpeg
12.L2709.jpeg
12.L2723.jpeg
12.L2724.jpeg
12.L2725.jpeg
12.L2813.jpeg
12.L2977.jpeg
12.L2978.jpeg
12.L2979.jpeg
12.L2980.jpeg
12.L2982.jpeg
12.L2984.jpeg
12.L2985.jpeg
12.L2986.jpeg
12.L2987.jpeg
12.L2990.jpeg
12.L2991.jpeg
12.L2992.jpeg
12.L2994.jpeg
12.L2995.jpeg
12.L2997.jpeg
12.L3000.jpeg
12.L30084.jpeg
12.L30102.jpeg
12.L30103.jpeg
12.L30126.jpeg
12.L30203.jpeg
12.L3032.jpeg
12.L3033.jpeg
12.L3034.jpeg
12.L3035.jpeg
12.L3036.jpeg
12.L30465.jpeg
12.L30466.jpeg
12.L3118.jpeg
12.L3119.jpeg
12.L3138.jpeg
12.L3176.jpeg
12.L3177.jpeg
12.L3178.jpeg
12.L3179.jpeg
12.L3180.jpeg
12.L3185.jpeg
12.L3272.jpeg
12.L3294.jpeg
12.L3302.jpeg
12.L3303.jpeg
12.L3307.jpeg
12.L3308.jpeg
12.L3343.jpeg
12.L3376.jpeg
12.L3488.jpeg
12.L3489.jpeg
12.L3490.jpeg
12.l3491.jpeg
12.L3491.jpeg
12.L3534.jpeg
12.L3537.jpeg
12.L3539.jpeg
12.L3540.jpeg
12.L3541.jpeg
12.L3607.jpeg
12.L3608.jpeg
12.L3612.jpeg
12.L3616.jpeg
12.L3698.jpeg
12.L3699.jpeg
12.L3700.jpeg
12.L3701.jpeg
12.L3702.jpeg
12.L3703.jpeg
12.L3704.jpeg
12.L4091.jpeg
12.L4092.jpeg
12.L4093.jpeg
12.L4095.jpeg
12.L4096.jpeg
12.L4097.jpeg
12.L4104.jpeg
12.L4109.jpeg
12.L4112.jpeg
12.L4113.jpeg
12.L4114.jpeg
12.L4116.jpeg
12.L4117.jpeg
12.L4118.jpeg
12.L4119.jpeg
12.L4120.jpeg
12.L4121.jpeg
12.L4124.jpeg
12.L4125.jpeg
12.L4129.jpeg
12.L4130.jpeg
12.L4133.jpeg
12.L4134.jpeg
12.L4135.jpeg
12.L4136.jpeg
12.L4141.jpeg
12.L4142.jpeg
12.L4143.jpeg
12.L4145.jpeg
12.L4146.jpeg
12.L4445.jpeg
12.L4447.jpeg
12.L4448.jpeg
12.L4449.jpeg
12.L4450.jpeg
12.L4454.jpeg
12.L4455.jpeg
12.L4456.jpeg
12.L4457.jpeg
12.L4459.jpeg
12.L4460.jpeg
12.L4462.jpeg
12.L4463.jpeg
12.L4466.jpeg
12.L4467.jpeg
12.L4471.jpeg
12.L4472.jpeg
12.L4474.jpeg
12.L4476.jpeg
12.L4480.jpeg
12.L4482.jpeg
12.L4483.jpeg
12.L4484.jpeg
12.L4486.jpeg
12.L4490.jpeg
12.L4491.jpeg
12.L4492.jpeg
12.L4493.jpeg
12.L4494.jpeg
12.L4501.jpeg
12.L4504.jpeg
12.L4506.jpeg
12.L4507.jpeg
12.L4508.jpeg
12.L4509.jpeg
12.L4609.jpeg
12.L4610.jpeg
12.L4611.jpeg
12.L4612.jpeg
12.L4613.jpeg
12.L4614.jpeg
12.L4615.jpeg
12.L4617.jpeg
12.L4621.jpeg
12.L4622.jpeg
12.L4626.jpeg
12.L4627.jpeg
12.L4631.jpeg
12.L4632.jpeg
12.L4884.jpeg
12.L4885.jpeg
12.L4886.jpeg
12.L4890.jpeg
12.L4891.jpeg
12.L4892.jpeg
12.L4893.jpeg
12.L4894.jpeg
12.L4895.jpeg
12.L4896.jpeg
12.L4898.jpeg
12.L4899.jpeg
12.L4947.jpeg
12.L4949.jpeg
12.L4951.jpeg
12.L4952.jpeg
12.L4953.jpeg
12.L5001.jpeg
12.L5002.jpeg
12.L5003.jpeg
12.L5004.jpeg
12.L5028.jpeg
12.L5029.jpeg
12.L5030.jpeg
12.L5032.jpeg
12.L5120.jpeg
12.L5124.jpeg
12.L5125.jpeg
12.L5126.jpeg
12.L5127.jpeg
12.L5128.jpeg
12.l5315.jpeg
12.L5316.jpeg
12.L5317.jpeg
12.L5318.jpeg
12.L5356.jpeg
12.L5357.jpeg
12.L5358.jpeg
12.L5359.jpeg
12.L5436.jpeg
12.L5628.jpeg
12.L5687.jpeg
12.L5688.jpeg
12.L5690.jpeg
12.L5691.jpeg
12.L6126.jpeg
12.L6129.jpeg
12.L6132.jpeg
12.L6136.jpeg
12.L6140.jpeg
12.L6143.jpeg
12.L6144.jpeg
12.L6145.jpeg
12.L6146.jpeg
12.L6147.jpeg
12.L6152.jpeg
12.L6153.jpeg
12.L616.jpeg
12.L6225.jpeg
12.L6226.jpeg
12.L6265.jpeg
12.L6266.jpeg
12.L6270.jpeg
12.L6271.jpeg
12.L6274.jpeg
12.L6275.jpeg
12.L6276.jpeg
12.L6277.jpeg
12.L6279.jpeg
12.L6280.jpeg
12.L6283.jpeg
12.L6286.jpeg
12.L6287.jpeg
12.L6289.jpeg
12.L6290.jpeg
12.L6291.jpeg
12.L6292.jpeg
12.L6293.jpeg
12.L6326.jpeg
12.L6327.jpeg
12.L6328.jpeg
12.L6419.jpeg
12.L6423.jpeg
12.L6424.jpeg
12.L6425.jpeg
12.L6426.jpeg
12.L6516.jpeg
12.L6771.jpeg
12.L6772.jpeg
12.L6803.jpeg
12.L6806.jpeg
12.L6830.jpeg
12.L6834.jpeg
12.L6839.jpeg
12.L6840.jpeg
12.L6841.jpeg
12.L6843.jpeg
12.L6846.jpeg
12.L6875.jpeg
12.L6876.jpeg
12.L6877.jpeg
12.L6878.jpeg
12.L6879.jpeg
12.L6880.jpeg
12.L6881.jpeg
12.L7081.jpeg
12.L7083.jpeg
12.L7084.jpeg
12.L7087.jpeg
12.L7089.jpeg
12.L7092.jpeg
12.L7093.jpeg
12.L7094.jpeg
12.L7095.jpeg
12.L7096.jpeg
12.L7097.jpeg
12.L7108.jpeg
12.L7109.jpeg
12.L7110.jpeg
12.L7113.jpeg
12.L7114.jpeg
12.L7125.jpeg
12.L7126.jpeg
12.L7138.jpeg
12.L7139.jpeg
12.L7261.jpeg
12.L7270.jpeg
12.L7271.jpeg
12.L7272.jpeg
12.L7367.jpeg
12.L7369.jpeg
12.L7370.jpeg
12.L7371.jpeg
12.L7373.jpeg
12.L7374.jpeg
12.L7376.jpeg
12.L7377.jpeg
12.L7392.jpeg
12.L7393.jpeg
12.L7394.jpeg
12.L7395.jpeg
12.L7396.jpeg
12.L7397.jpeg
12.L7406.jpeg
12.L7417.jpeg
12.L7418.jpeg
12.L7419.jpeg
12.L7420.jpeg
12.L7421.jpeg
12.L7422.jpeg
12.L7423.jpeg
12.L7424.jpeg
12.L7425.jpeg
12.L7426.jpeg
12.L7427.jpeg
12.L7428.jpeg
12.L7499.jpeg
12.L8045.jpeg
12.L8063.jpeg
12.L8103.jpeg
12.L813.jpeg
12.L8284.jpeg
12.L8387.jpeg
12.L8743.jpeg
12.L8779.jpeg
12.L8889.jpeg
12.L9133.jpeg
12.L9136.jpeg
12.L9752.jpeg
12.LP0311.jpeg
12.LP0411.jpeg
12.LP0711.jpeg
12.LP0712.jpeg
12.LP0713.jpeg
12.LP0811.jpeg
12.LP0812.jpeg
12.LP811.jpeg
12.LP812.jpeg
12.M1131.jpeg
12.M13561.jpeg
12.M2005.jpeg
12.M8284.jpeg
12.M8580.jpeg
12.N8284.jpeg
12.N8580.jpeg
12.N9743.jpeg
12.n9751.jpeg
12.N9872.jpeg
12.o1132.jpeg
12.o2005.jpeg
12.O8580.jpeg
12.P1131.jpeg
12.P1132.jpeg
12.P11628.jpeg
12.P11629.jpeg
12.P11630.jpeg
12.P11632.jpeg
12.P11702.jpeg
12.P11703.jpeg
12.P11704.jpeg
12.P11705.jpeg
12.P11707.jpeg
12.P11708.jpeg
12.P11709.jpeg
12.P11711.jpeg
12.P11717.jpeg
12.P12360.jpeg
12.P12361.jpeg
12.P12362.jpeg
12.P12453.jpeg
12.P12454.jpeg
12.P13431.jpeg
12.P13432.jpeg
12.P13437.jpeg
12.P13438.jpeg
12.P13462.jpeg
12.P13561.jpeg
12.P2005.jpeg
12.P8028.jpeg
12.P8032.jpeg
12.P8035.jpeg
12.P8039.jpeg
12.P8042.jpeg
12.P8284.jpeg
12.P8566.jpeg
12.P8568.jpeg
12.P8570.jpeg
12.P8571.jpeg
12.P8572.jpeg
12.P8573.jpeg
12.P8802.jpeg
12.P8807.jpeg
12.P8809.jpeg
12.P8811.jpeg
12.P9066.jpeg
12.P9067.jpeg
12.P9068.jpeg
12.P9134.jpeg
12.P9702.jpeg
12.P9750.jpeg
12.P9752.jpeg
12.P9763.jpeg
12.P9764.jpeg
12.Q1132.jpeg
12.Q2005.jpeg
12.R1131.jpeg
12.R1132.jpeg
12.R2005.jpeg
12.s10017.jpeg
12.S10018.jpeg
12.S10039.jpeg
12.S10040.jpeg
12.S10075.jpeg
12.S10076.jpeg
12.S10082.jpeg
12.S10084.jpeg
12.S10085.jpeg
12.S10086.jpeg
12.S10091.jpeg
12.S10097.jpeg
12.S10098.jpeg
12.S10099.jpeg
12.S10100.jpeg
12.S10101.jpeg
12.S10102.jpeg
12.S10103.jpeg
12.S10105.jpeg
12.S10106.jpeg
12.S10107.jpeg
12.S10108.jpeg
12.S10109.jpeg
12.S10110.jpeg
12.S10112.jpeg
12.S10114.jpeg
12.S10116.jpeg
12.S10118.jpeg
12.S10119.jpeg
12.S10120.jpeg
12.S10123.jpeg
12.S10128.jpeg
12.S10129.jpeg
12.S10130.jpeg
12.S10131.jpeg
12.S10138.jpeg
12.S10179.jpeg
12.S10185.jpeg
12.S10189.jpeg
12.S10258.jpeg
12.S10259.jpeg
12.S10261.jpeg
12.S10397.jpeg
12.S10398.jpeg
12.S10417.jpeg
12.S10425.jpeg
12.S10427.jpeg
12.S10557.jpeg
12.S10558.jpeg
12.S10559.jpeg
12.S10560.jpeg
12.S10682.jpeg
12.S10730.jpeg
12.S10734.jpeg
12.S10737.jpeg
12.S10738.jpeg
12.S10739.jpeg
12.S10740.jpeg
12.S10741.jpeg
12.S10902.jpeg
12.S10903.jpeg
12.S10904.jpeg
12.S10954.jpeg
12.S10955.jpeg
12.S10956.jpeg
12.S10957.jpeg
12.S11051.jpeg
12.S11052.jpeg
12.s11053.jpeg
12.S11054.jpeg
12.S11066.jpeg
12.S11165.jpeg
12.s-1124.jpg
12.s-1125.jpg
12.s-1126.jpg
12.S-1128.jpg
12.S1129.jpeg
12.s-1129.jpg
12.S1131.jpeg
12.S1132.jpeg
12.S11373.jpeg
12.S11381.jpeg
12.S11383.jpeg
12.S11384.jpeg
12.S11385.jpeg
12.S11386.jpeg
12.S11449.jpeg
12.S11453.jpeg
12.S11455.jpeg
12.S11460.jpeg
12.S11461.jpeg
12.s11464.jpeg
12.S11465.jpeg
12.S11513.jpeg
12.S11518.jpeg
12.S11519.jpeg
12.S11560.jpeg
12.S11561.jpeg
12.S11562.jpeg
12.S11563.jpeg
12.S11570.jpeg
12.S11602.jpeg
12.S11615.jpeg
12.s11624.jpeg
12.S11626.jpeg
12.S11633.jpeg
12.S11634.jpeg
12.S11664.jpeg
12.S11665.jpeg
12.S11666.jpeg
12.S11667.jpeg
12.S11670.jpeg
12.S11671.jpeg
12.S11672.jpeg
12.S11673.jpeg
12.S11676.jpeg
12.S11677.jpeg
12.S11678.jpeg
12.S11680.jpeg
12.S11683.jpeg
12.S11684.jpeg
12.S11685.jpeg
12.S11686.jpeg
12.S11687.jpeg
12.S11698.jpeg
12.S11699.jpeg
12.S11715.jpeg
12.S11731.jpeg
12.S11732.jpeg
12.S11733.jpeg
12.S11743.jpeg
12.S11744.jpeg
12.S11745.jpeg
12.S11746.jpeg
12.S11753.jpeg
12.S11754.jpeg
12.S11755.jpeg
12.S11759.jpeg
12.S11760.jpeg
12.S11761.jpeg
12.S11762.jpeg
12.S11763.jpeg
12.S11764.jpeg
12.S11766.jpeg
12.S11806.jpeg
12.S11807.jpeg
12.S11808.jpeg
12.S11811.jpeg
12.S11850.jpeg
12.S11852.jpeg
12.S11853.jpeg
12.S11927.jpeg
12.S11928.jpeg
12.S11929.jpeg
12.S11930.jpeg
12.S11931.jpeg
12.S11932.jpeg
12.S11933.jpeg
12.s11992.jpeg
12.S11992.jpeg
12.s11994.jpeg
12.S11994.jpeg
12.S11995.jpeg
12.S11997.jpeg
12.S12005.jpeg
12.S12006.jpeg
12.S12007.jpeg
12.S12008.jpeg
12.S12069.jpeg
12.S12296.jpeg
12.S12297.jpeg
12.S12306.jpeg
12.S12307.jpeg
12.S12455.jpeg
12.S12459.jpeg
12.S12461.jpeg
12.S12466.jpeg
12.S12467.jpeg
12.S12468.jpeg
12.S12721.jpeg
12.S13099.jpeg
12.S13100.jpeg
12.S13101.jpeg
12.S13102.jpeg
12.S13103.jpeg
12.S13104.jpeg
12.S13360.jpeg
12.S13362.jpeg
12.S13412.jpeg
12.S13414.jpeg
12.S13415.jpeg
12.S13417.jpeg
12.S13420.jpeg
12.S13426.jpeg
12.S13429.jpeg
12.S13437.jpeg
12.S13438.jpeg
12.S13444.jpeg
12.S13446.jpeg
12.S13447.jpeg
12.S13469.jpeg
12.S13510.jpeg
12.S13511.jpeg
12.S13560.jpeg
12.S13561.jpeg
12.s13656.jpeg
12.s13657.jpeg
12.s13658.jpeg
12.S13659.jpeg
12.S13661.jpeg
12.S13664.jpeg
12.S13666.jpeg
12.S13669.jpeg
12.S13673.jpeg
12.S13676.jpeg
12.s13677.jpeg
12.s13678.jpeg
12.S13683.jpeg
12.S13698.jpeg
12.S13702.jpeg
12.S13727.jpeg
12.S13732.jpeg
12.S13756.jpeg
12.S13757.jpeg
12.S13758.jpeg
12.S13759.jpeg
12.S13760.jpeg
12.S13761.jpeg
12.S13762.jpeg
12.S13763.jpeg
12.S13764.jpeg
12.S13765.jpeg
12.S13773.jpeg
12.S13784.jpeg
12.S13786.jpeg
12.S13787.jpeg
12.S13788.jpeg
12.S13789.jpeg
12.S13790.jpeg
12.S13792.jpeg
12.S13794.jpeg
12.S13795.jpeg
12.S13916.jpeg
12.S13920.jpeg
12.S13923.jpeg
12.S13924.jpeg
12.S13925.jpeg
12.S13926.jpeg
12.S13927.jpeg
12.S14025.jpeg
12.S14027.jpeg
12.S14029.jpeg
12.S14030.jpeg
12.S14040.jpeg
12.S14041.jpeg
12.S14045.jpeg
12.s14046.jpeg
12.S14047.jpeg
12.S14048.jpeg
12.S14057.jpeg
12.S14058.jpeg
12.S14059.jpeg
12.S14060.jpeg
12.S14061.jpeg
12.S14062.jpeg
12.S14073.jpeg
12.S14074.jpeg
12.S14075.jpeg
12.S14077.jpeg
12.S14078.jpeg
12.S14122.jpeg
12.S14124.jpeg
12.S14137.jpeg
12.S14168.jpeg
12.S14169.jpeg
12.S14170.jpeg
12.S14171.jpeg
12.S14172.jpeg
12.S14173.jpeg
12.S14174.jpeg
12.S14208.jpeg
12.S14210.jpeg
12.S14215.jpeg
12.S14216.jpeg
12.S14271.jpeg
12.S14272.jpeg
12.S14273.jpeg
12.S14275.jpeg
12.S14276.jpeg
12.S14277.jpeg
12.S14278.jpeg
12.S14279.jpeg
12.S14297.jpeg
12.S14342.jpeg
12.s14372.jpeg
12.S14391.jpeg
12.S14393.jpeg
12.S14395.jpeg
12.S14397.jpeg
12.S14756.jpeg
12.S14779.jpeg
12.S14782.jpeg
12.S14787.jpeg
12.S14789.jpeg
12.S14847.jpeg
12.S14936.jpeg
12.S14937.jpeg
12.S14938.jpeg
12.S14939.jpeg
12.S15249.jpeg
12.S15294.jpeg
12.S15296.jpeg
12.S15306.jpeg
12.S15307.jpeg
12.S15308.jpeg
12.S15722.jpeg
12.S15724.jpeg
12.S1616.jpeg
12.S1681.jpeg
12.s1735.jpeg
12.s1735.jpg
12.s1736.jpeg
12.S-1736.jpeg
12.s1736.jpg
12.s1737.jpeg
12.S-1737.jpeg
12.s1737.jpg
12.S-1738.jpeg
12.s1738.jpg
12.S-1740.jpeg
12.S1740.jpeg
12.s1740.jpg
12.S1938.jpeg
12.S2005.jpeg
12.S2266.jpeg
12.S2964.jpeg
12.S2971.jpeg
12.S2973.jpeg
12.S30014.jpeg
12.S30015.jpeg
12.S30016.jpeg
12.S30017.jpeg
12.S30018.jpeg
12.S30468.jpeg
12.S30554.jpeg
12.S30557.jpeg
12.S30577.jpeg
12.S3295.jpeg
12.S3342.jpeg
12.S4095.jpeg
12.S4099.jpeg
12.S4101.jpeg
12.S4446.jpeg
12.S4462.jpeg
12.S4478.jpeg
12.S4481.jpeg
12.S4487.jpeg
12.S4489.jpeg
12.S4614.jpeg
12.S4618.jpeg
12.S4623.jpeg
12.S4624.jpeg
12.S4625.jpeg
12.S4628.jpeg
12.S4833.jpeg
12.S4880.jpeg
12.S4881.jpeg
12.S4887.jpeg
12.S4897.jpeg
12.S5029.jpeg
12.S5030.jpeg
12.S5121.jpeg
12.S5123.jpeg
12.S5128.jpeg
12.S5507.jpeg
12.S5555.jpeg
12.S5679.jpeg
12.S5682.jpeg
12.S5683.jpeg
12.S6127.jpeg
12.S6139.jpeg
12.S6266.jpeg
12.S6268.jpeg
12.S6273.jpeg
12.S6283.jpeg
12.S6408.jpeg
12.S6409.jpeg
12.S6411.jpeg
12.S663.jpeg
12.S6768.jpeg
12.S6769.jpeg
12.S677.jpeg
12.S6829.jpeg
12.S6844.jpeg
12.S7011.jpeg
12.S7012.jpeg
12.S7014.jpeg
12.S7016.jpeg
12.S7017.jpeg
12.S7019.jpeg
12.s7020.jpeg
12.S7021.jpeg
12.S7023.jpeg
12.S7041.jpeg
12.S7044.jpeg
12.S7046.jpeg
12.s7047.jpeg
12.S7100.jpeg
12.S7101.jpeg
12.S7102.jpeg
12.S7105.jpeg
12.S7110.jpeg
12.S7113.jpeg
12.S7116.jpeg
12.S7117.jpeg
12.S7118.jpeg
12.S7119.jpeg
12.S7120.jpeg
12.S7121.jpeg
12.S7249.jpeg
12.S7251.jpeg
12.s7253.jpeg
12.S7254.jpeg
12.S7262.jpeg
12.S7263.jpeg
12.S7268.jpeg
12.s7269.jpeg
12.S7274.jpeg
12.S7277.jpeg
12.S7278.jpeg
12.S7280.jpeg
12.S7281.jpeg
12.S7334.jpeg
12.S7366.jpeg
12.S7372.jpeg
12.S7376.jpeg
12.S7398.jpeg
12.S7403.jpeg
12.S7404.jpeg
12.S7405.jpeg
12.S7407.jpeg
12.S7408.jpeg
12.S7409.jpeg
12.S7410.jpeg
12.S7411.jpeg
12.S7412.jpeg
12.S7439.jpeg
12.S7495.jpeg
12.S7496.jpeg
12.S7498.jpeg
12.S7600.jpeg
12.S7601.jpeg
12.S7603.jpeg
12.S7606.jpeg
12.S7611.jpeg
12.S7613.jpeg
12.S7615.jpeg
12.S7631.jpeg
12.S7632.jpeg
12.S7633.jpeg
12.S7634.jpeg
12.S7635.jpeg
12.S7636.jpeg
12.S7637.jpeg
12.S7638.jpeg
12.S7640.jpeg
12.S7642.jpeg
12.S7643.jpeg
12.S7644.jpeg
12.S7645.jpeg
12.S7646.jpeg
12.S7647.jpeg
12.s7648.jpeg
12.s7649.jpeg
12.S7650.jpeg
12.S7651.jpeg
12.S7652.jpeg
12.S7653.jpeg
12.S7654.jpeg
12.S7655.jpeg
12.S7656.jpeg
12.S7843.jpeg
12.S8001.jpeg
12.s8002.jpeg
12.S8028.jpeg
12.S8029.jpeg
12.s8030.jpeg
12.s8031.jpeg
12.S8032.jpeg
12.S8033.jpeg
12.s8034.jpeg
12.S8035.jpeg
12.S8036.jpeg
12.S8037.jpeg
12.S8038.jpeg
12.S8040.jpeg
12.S8045.jpeg
12.S8046.jpeg
12.S8047.jpeg
12.S8048.jpeg
12.s8049.jpeg
12.S8050.jpeg
12.s8051.jpeg
12.S8052.jpeg
12.S8053.jpeg
12.S8054.jpeg
12.S8055.jpeg
12.S8056.jpeg
12.S8057.jpeg
12.S8058.jpeg
12.S8061.jpeg
12.S8064.jpeg
12.S8385.jpeg
12.S8388.jpeg
12.S8389.jpeg
12.S8501.jpeg
12.s8502.jpeg
12.S8503.jpeg
12.S8566.jpeg
12.S8567.jpeg
12.S8569.jpeg
12.S8570.jpeg
12.S8571.jpeg
12.s8574.jpeg
12.S8574.jpeg
12.S8580.jpeg
12.S8672.jpeg
12.S8686.jpeg
12.S8717.jpeg
12.s8718.jpeg
12.S8719.jpeg
12.S8721.jpeg
12.S8722.jpeg
12.S8735.jpeg
12.s8736.jpeg
12.S8738.jpeg
12.S8739.jpeg
12.s8775.jpeg
12.S8777.jpeg
12.S8778.jpeg
12.s8779.jpeg
12.s8780.jpeg
12.S8781.jpeg
12.S8782.jpeg
12.S8783.jpeg
12.S8784.jpeg
12.s8785.jpeg
12.S8786.jpeg
12.S8787.jpeg
12.S8788.jpeg
12.S8789.jpeg
12.s8790.jpeg
12.S8791.jpeg
12.S8792.jpeg
12.S8793.jpeg
12.S8794.jpeg
12.S8795.jpeg
12.S8796.jpeg
12.S8797.jpeg
12.S8800.jpeg
12.S8801.jpeg
12.S8802.jpeg
12.S8803.jpeg
12.s8804.jpeg
12.S8806.jpeg
12.S8807.jpeg
12.S8808.jpeg
12.s8809.jpeg
12.s8810.jpeg
12.S8811.jpeg
12.S8812.jpeg
12.s8815.jpeg
12.S8815.jpeg
12.S8816.jpeg
12.S8818.jpeg
12.S8819.jpeg
12.S8820.jpeg
12.S8821.jpeg
12.s8823.jpeg
12.S8824.jpeg
12.s8825.jpeg
12.S8825.jpeg
12.S8826.jpeg
12.s8827.jpeg
12.S8828.jpeg
12.S8829.jpeg
12.S8830.jpeg
12.S8831.jpeg
12.S8832.jpeg
12.S8833.jpeg
12.s8839.jpeg
12.S8840.jpeg
12.S8842.jpeg
12.S8843.jpeg
12.S8845.jpeg
12.S8853.jpeg
12.S8864.jpeg
12.S8867.jpeg
12.S8870.jpeg
12.S8872.jpeg
12.S8874.jpeg
12.S8875.jpeg
12.S8878.jpeg
12.S8879.jpeg
12.s8882.jpeg
12.S8891.jpeg
12.S8896.jpeg
12.S8897.jpeg
12.S9058.jpeg
12.S9066.jpeg
12.S9067.jpeg
12.S9068.jpeg
12.S9132.jpeg
12.S9186.jpeg
12.S9187.jpeg
12.S9188.jpeg
12.S9189.jpeg
12.S9190.jpeg
12.S9192.jpeg
12.S9194.jpeg
12.S9195.jpeg
12.S9197.jpeg
12.S9276.jpeg
12.S9280.jpeg
12.S9281.jpeg
12.S9282.jpeg
12.S9284.jpeg
12.S9285.jpeg
12.S9286.jpeg
12.S9287.jpeg
12.S9292.jpeg
12.S9293.jpeg
12.S9294.jpeg
12.S9299.jpeg
12.S9300.jpeg
12.s9303.jpeg
12.S9304.jpeg
12.S9305.jpeg
12.s9307.jpeg
12.S9308.jpeg
12.S9310.jpeg
12.S9311.jpeg
12.S9608.jpeg
12.S9610.jpeg
12.S9611.jpeg
12.S9615.jpeg
12.S9616.jpeg
12.S9618.jpeg
12.s9619.jpeg
12.S9622.jpeg
12.S9623.jpeg
12.S9626.jpeg
12.S9629.jpeg
12.S9630.jpeg
12.S9631.jpeg
12.S9632.jpeg
12.S9633.jpeg
12.S9634.jpeg
12.S9635.jpeg
12.S9636.jpeg
12.S9637.jpeg
12.S9638.jpeg
12.S9639.jpeg
12.S9665.jpeg
12.S9666.jpeg
12.S9667.jpeg
12.S9668.jpeg
12.S9672.jpeg
12.S9673.jpeg
12.S9674.jpeg
12.S9675.jpeg
12.S9702.jpeg
12.S9744.jpeg
12.S9745.jpeg
12.S9746.jpeg
12.S9748.jpeg
12.S9749.jpeg
12.S9750.jpeg
12.S9752.jpeg
12.S9754.jpeg
12.S9757.jpeg
12.S9760.jpeg
12.S9761.jpeg
12.S9762.jpeg
12.S9763.jpeg
12.S9764.jpeg
12.S9765.jpeg
12.S9766.jpeg
12.S9767.jpeg
12.S9768.jpeg
12.S9772.jpeg
12.S9773.jpeg
12.S9774.jpeg
12.S9775.jpeg
12.S9776.jpeg
12.S9777.jpeg
12.S9786.jpeg
12.S9787.jpeg
12.S9788.jpeg
12.S9791.jpeg
12.S9792.jpeg
12.S9794.jpeg
12.S9798.jpeg
12.S9799.jpeg
12.S9801.jpeg
12.S9803.jpeg
12.S9804.jpeg
12.S9805.jpeg
12.S9866.jpeg
12.S9867.jpeg
12.S9868.jpeg
12.S9869.jpeg
12.S9873.jpeg
12.T1131.jpeg
12.T1132.jpeg
12.T2005.jpeg
12.TZS1.jpeg
12.U1132.jpeg
12.U2005.jpeg
12.V1131.jpeg
12.V1132.jpeg
12.V2005.jpeg
12.W1131.jpeg
12.Y4123.jpeg
13.1999.jpeg
13.4646.jpeg
13.a4713.jpeg
13.CT10772.jpeg
13.CT10774.jpeg
13.CT10775.jpeg
13.CT10776.jpeg
13.CT10778.jpeg
13.CT10779.jpeg
13.CT10780.jpeg
13.CT10781.jpeg
13.CT10782.jpeg
13.CT10783.jpeg
13.CT10786.jpeg
13.CT10787.jpeg
13.CT10788.jpeg
13.CT10789.jpeg
13.CT10791.jpeg
13.CT10792.jpeg
13.CT10793.jpeg
13.CT10796.jpeg
13.CT10798.jpeg
13.CT10806.jpeg
13.CT11132.jpeg
13.ct2253.jpeg
13.CT4711.jpeg
13.CT4712.jpeg
13.ct4713.jpeg
13.CT4718.jpeg
13.CT5873.jpeg
13.CT6764.jpeg
13.CT6765.jpeg
13.CT6767.jpeg
13.ct7448.jpeg
13.ct7450.jpeg
13.ct7454.jpeg
13.CT7455.jpeg
13.CT7456.jpeg
13.ct7658.jpeg
13.ct7659.jpeg
13.ct7660.jpeg
13.ct7662.jpeg
13.CT7771.jpeg
13.CT7775.jpeg
13.ct7776.jpeg
13.CT8666.jpeg
13.CT9269.jpeg
13.CT9270.jpeg
13.CT9273.jpeg
13.CT9290.jpeg
13.CT9291.jpeg
13.CT9302.jpeg
13.ct9316.jpeg
13.ct9317.jpeg
13.ct9705.jpeg
13.ct9706.jpeg
13.ct9707.jpeg
13.ct9708.jpeg
13.ct9709.jpeg
13.ct9710.jpeg
13.ct9831.jpeg
13.CT9857.jpeg
13.CT9858.jpeg
13.ct9859.jpeg
13.L30325.jpeg
13.L30326.jpeg
13.L30327.jpeg
13.L30328.jpeg
13.L30329.jpeg
15.10562.jpg
15.10563.jpg
15.10565.jpg
15.10566.jpg
15.10567.jpg
15.1683.jpg
15.1684.jpg
15.1685.jpg
15.1686.jpg
15.1735.jpeg
15.1737.jpeg
15.2094.jpeg
15.2168.jpeg
15.2169.jpeg
15.2170.jpeg
15.2171.jpeg
15.2172.jpeg
15.2174.jpeg
15.2177.jpeg
15.2181.jpeg
15.2182.jpeg
15.223.jpg
15.2268.jpg
15.2356.jpeg
15.2357.jpeg
15.465.jpg
15.466.jpg
15.599.jpg
15.601.jpg
15.604.jpg
15.612A.jpeg
15.612.jpg
15.613A.jpeg
15.613.jpg
15.815.jpg
15.817.jpg
15.818.jpg
15.8568.jpeg
15.9530.jpg
15.a12046.jpeg
15.a14272.jpeg
15.A1735.jpeg
15.A1737.jpeg
15.A-1738.jpeg
15.A1738.jpeg
15.A1740.jpeg
15.A1939.jpeg
15.A2163.jpeg
15.A2164.jpeg
15.A2166.jpeg
15.A2167.jpeg
15.A2179.jpeg
15.A4503.jpeg
15.a4505.jpeg
15.A4507.jpeg
15.A4510.jpeg
15.A4511.jpeg
15.A4948.jpeg
15.A4949.jpeg
15.A4953.jpeg
15.A5027.jpeg
15.A5028.jpeg
15.A5031.jpeg
15.A7103.jpeg
15.A7104.jpeg
15.A7111.jpeg
15.a8568.jpeg
15.A8569.jpeg
15.B14272.jpeg
15.B1738.jpeg
15.B1740.jpeg
15.B4507.jpeg
15.B4510.jpeg
15.C1938.jpeg
15.D1132.jpeg
15.D14272.jpeg
15.D1938.jpeg
15.F1132.jpeg
15.G1131.jpeg
15.H1131.jpeg
15.J1132.jpeg
15.K1131.jpeg
15.K1132.jpeg
15.K11373.jpeg
15.K11701.jpeg
15.K11714.jpeg
15.k12046.jpeg
15.k12948.jpeg
15.K12950.jpeg
15.K12951.jpeg
15.K13738.jpeg
15.K13739.jpeg
15.K13742.jpeg
15.K13743.jpeg
15.K13744.jpeg
15.K13750.jpeg
15.K13751.jpeg
15.K13752.jpeg
15.K13753.jpeg
15.K13755.jpeg
15.K14122.jpeg
15.K14124.jpeg
15.K14125.jpeg
15.K14439.jpeg
15.K14442.jpeg
15.K14446.jpeg
15.K14447.jpeg
15.K14894.jpeg
15.K15651.jpeg
15.K15652.jpeg
15.K15703.jpeg
15.K15705.jpeg
15.K15707.jpeg
15.K4489.jpeg
15.K4510.jpeg
15.K5028.jpeg
15.K7103.jpeg
15.K7104.jpeg
15.K7105.jpeg
15.K7106.jpeg
15.K7107.jpeg
15.K7108.jpeg
15.K7111.jpeg
15.K7112.jpeg
15.K7115.jpeg
15.K8036.jpeg
15.k8038.jpeg
15.k8039.jpeg
15.K8040.jpeg
15.K8103.jpeg
15.K817.jpeg
15.K8568.jpeg
15.k8569.jpeg
15.K8806.jpeg
15.K8807.jpeg
15.K8841.jpeg
15.K9134.jpeg
15.k9135.jpeg
15.K9139.jpeg
15.L1132.jpeg
15.L2354.jpeg
15.L4487.jpeg
15.L4489.jpeg
15.L7100.jpeg
15.L7101.jpeg
15.L7102.jpeg
15.L7103.jpeg
15.L7104.jpeg
15.L7106.jpeg
15.L7107.jpeg
15.L7111.jpeg
15.L7112.jpeg
15.m1132.jpeg
15.M1132.jpeg
15.N1131.jpeg
15.N1132.jpeg
15.O1131.jpeg
15.S7112.jpeg
21.2358.jpeg
21.2359.jpeg
21.2360.jpeg
21.2361.jpeg
21.2362.jpeg
21.2363.jpeg
21.2364.jpeg
21.2365.jpeg
21.2446.jpeg
21.K14272.jpeg
21.K14435.jpeg
21.K14437.jpeg
21.K14438.jpeg
21.k14440.jpeg
21.K14441.jpeg
21.K14443.jpeg
21.K14444.jpeg
21.k14445.jpeg
21.K7104.jpeg
21.k8580.jpeg
21.K8580.jpeg
21.K9134.jpeg
21.K9135.jpeg
21.K9139.jpeg
21.S9138.jpeg
22.30067.jpeg
22.8988.jpeg
22.8995.jpeg
22.A10345.jpeg
22.A10632.jpeg
22.A10756.jpeg
22.A10981.jpeg
22.A10985.jpeg
22.A11674.jpeg
22.A11802.jpeg
22.A8342.jpeg
22.A8344.jpeg
22.A9058.jpeg
22.A9059.jpeg
22.A9060.jpeg
22.A9214.jpeg
22.B8342.jpeg
22.B9214.jpeg
22.L10314.jpeg
22.L10331.jpeg
22.L10332.jpeg
22.l10333.jpeg
22.L10334.jpeg
22.L10335.jpeg
22.L10336.jpeg
22.L10337.jpeg
22.L10338.jpeg
22.L10447.jpeg
22.L10469.jpeg
22.L10500.jpeg
22.L10564.jpeg
22.L10567.jpeg
22.L10744.jpeg
22.L10745.jpeg
22.l10746.jpeg
22.L10747.jpeg
22.L10748.jpeg
22.L10749.jpeg
22.L10750.jpeg
22.l10751.jpeg
22.L10752.jpeg
22.L10753.jpeg
22.L10755.jpeg
22.L10757.jpeg
22.L10758.jpeg
22.L10759.jpeg
22.L10808.jpeg
22.L10809.jpeg
22.L10810.jpeg
22.L10876.jpeg
22.L10877.jpeg
22.L10980.jpeg
22.L10982.jpeg
22.L10983.jpeg
22.L10984.jpeg
22.L10985.jpeg
22.L10992.jpeg
22.L10993.jpeg
22.L11001.jpeg
22.L11115.jpeg
22.L11168.jpeg
22.L11209.jpeg
22.L11210.jpeg
22.L11214.jpeg
22.L11674.jpeg
22.L11675.jpeg
22.L11800.jpeg
22.L11801.jpeg
22.L11802.jpeg
22.l11803.jpeg
22.L11804.jpeg
22.L11844.jpeg
22.L11845.jpeg
22.L11847.jpeg
22.L11895.jpeg
22.L11897.jpeg
22.L11900.jpeg
22.L12783.jpeg
22.L12833.jpeg
22.L30000.jpeg
22.L30001.jpeg
22.L30003.jpeg
22.L30004.jpeg
22.L30005.jpeg
22.L30006.jpeg
22.L30007.jpeg
22.L30008.jpeg
22.L30009.jpeg
22.L30010.jpeg
22.L30011.jpeg
22.L30012.jpeg
22.L30013.jpeg
22.L30014.jpeg
22.L30015.jpeg
22.L30016.jpeg
22.L30017.jpeg
22.L30018.jpeg
22.L30019.jpeg
22.L30020.jpeg
22.L30021.jpeg
22.L30022.jpeg
22.L30023.jpeg
22.L30024.jpeg
22.L30025.jpeg
22.L30026.jpeg
22.L30027.jpeg
22.L30028.jpeg
22.L30029.jpeg
22.L30030.jpeg
22.L30031.jpeg
22.L30032.jpeg
22.L30033.jpeg
22.L30034.jpeg
22.L30035.jpeg
22.L30036.jpeg
22.L30037.jpeg
22.L30038.jpeg
22.L30040.jpeg
22.L30041.jpeg
22.L30042.jpeg
22.L30043.jpeg
22.L30044.jpeg
22.L30045.jpeg
22.L30046.jpeg
22.L30047.jpeg
22.L30048.jpeg
22.L30049.jpeg
22.L30050.jpeg
22.L30051.jpeg
22.L30053.jpeg
22.L30054.jpeg
22.L30061.jpeg
22.L30062.jpeg
22.L30063.jpeg
22.L30064.jpeg
22.L30065.jpeg
22.L30066.jpeg
22.L30067.jpeg
22.L30068.jpeg
22.L30069.jpeg
22.L30070.jpeg
22.L30071.jpeg
22.L30072.jpeg
22.L30073.jpeg
22.L30076.jpeg
22.L30078.jpeg
22.L30079.jpeg
22.L30080.jpeg
22.L30081.jpeg
22.L30082.jpeg
22.L30083.jpeg
22.L30085.jpeg
22.L30086.jpeg
22.L30087.jpeg
22.L30088.jpeg
22.L30089.jpeg
22.L30090.jpeg
22.L30091.jpeg
22.L30093.jpeg
22.L30094.jpeg
22.L30095.jpeg
22.L30096.jpeg
22.L30097.jpeg
22.L30098.jpeg
22.L30099.jpeg
22.L3009.jpeg
22.L30100.jpeg
22.L30101.jpeg
22.L30104.jpeg
22.L30105.jpeg
22.L30106.jpeg
22.L30107.jpeg
22.L30108.jpeg
22.L30109.jpeg
22.L30110.jpeg
22.L30111.jpeg
22.L30112.jpeg
22.L30114.jpeg
22.L30115.jpeg
22.L30116.jpeg
22.L30117.jpeg
22.L30119.jpeg
22.L30120.jpeg
22.L30121.jpeg
22.L30122.jpeg
22.L30123.jpeg
22.L30124.jpeg
22.L30125.jpeg
22.L30127.jpeg
22.L30129.jpeg
22.L30130.jpeg
22.L30131.jpeg
22.L30132.jpeg
22.L30133.jpeg
22.L30134.jpeg
22.L30135.jpeg
22.L30136.jpeg
22.L30137.jpeg
22.L30138.jpeg
22.L30139.jpeg
22.L30140.jpeg
22.L30141.jpeg
22.L30142.jpeg
22.L30143.jpeg
22.L30144.jpeg
22.L30145.jpeg
22.L30146.jpeg
22.L30151.jpeg
22.L30152.jpeg
22.L30153.jpeg
22.L30154.jpeg
22.L30155.jpeg
22.L30156.jpeg
22.L30157.jpeg
22.L30159.jpeg
22.L30160.jpeg
22.L30161.jpeg
22.L30162.jpeg
22.L30163.jpeg
22.L30164.jpeg
22.L30165.jpeg
22.L30167.jpeg
22.L30168.jpeg
22.L30169.jpeg
22.L30170.jpeg
22.L30171.jpeg
22.L30172.jpeg
22.L30173.jpeg
22.L30174.jpeg
22.L30175.jpeg
22.L30176.jpeg
22.L30177.jpeg
22.L30178.jpeg
22.L30179.jpeg
22.L30180.jpeg
22.L30181.jpeg
22.L30182.jpeg
22.L30183.jpeg
22.L30184.jpeg
22.L30185.jpeg
22.L30186.jpeg
22.L30187.jpeg
22.L30188.jpeg
22.L30189.jpeg
22.L30190.jpeg
22.L30191.jpeg
22.L30192.jpeg
22.L30193.jpeg
22.L30194.jpeg
22.L30195.jpeg
22.L30196.jpeg
22.L30197.jpeg
22.L30198.jpeg
22.L30199.jpeg
22.L30200.jpeg
22.L30202.jpeg
22.L30203.jpeg
22.L30204.jpeg
22.L30205.jpeg
22.L30206.jpeg
22.L30207.jpeg
22.L30208.jpeg
22.L30209.jpeg
22.L30210.jpeg
22.L30211.jpeg
22.L30212.jpeg
22.L30213.jpeg
22.L30214.jpeg
22.L30215.jpeg
22.L30216.jpeg
22.L30217.jpeg
22.L30218.jpeg
22.L30219.jpeg
22.L30220.jpeg
22.L30221.jpeg
22.L30222.jpeg
22.L30223.jpeg
22.L30224.jpeg
22.L30225.jpeg
22.L30226.jpeg
22.L30227.jpeg
22.L30228.jpeg
22.L30229.jpeg
22.L30230.jpeg
22.L30231.jpeg
22.L30232.jpeg
22.L30233.jpeg
22.L30234.jpeg
22.L30235.jpeg
22.L30236.jpeg
22.L30237.jpeg
22.L30238.jpeg
22.L30239.jpeg
22.L30240.jpeg
22.L30241.jpeg
22.L30242.jpeg
22.L30243.jpeg
22.L30244.jpeg
22.L30245.jpeg
22.L30246.jpeg
22.L30247.jpeg
22.L30248.jpeg
22.L30249.jpeg
22.L30250.jpeg
22.L30251.jpeg
22.L30252.jpeg
22.L30253.jpeg
22.L30254.jpeg
22.L30255.jpeg
22.L30257.jpeg
22.L30258.jpeg
22.L30259.jpeg
22.L30439.jpeg
22.L30456.jpeg
22.L30458.jpeg
22.L30459.jpeg
22.L30464.jpeg
22.L30467.jpeg
22.L30469.jpeg
22.L30481.jpeg
22.L30540.jpeg
22.L30541.jpeg
22.L30542.jpeg
22.L30543.jpeg
22.l30544.jpeg
22.L30547.jpeg
22.l30548.jpeg
22.L30595.jpeg
22.L5577.jpeg
22.L5578.jpeg
22.L5582.jpeg
22.L5584.jpeg
22.L5585.jpeg
22.L5586.jpeg
22.L5588.jpeg
22.L5589.jpeg
22.L5590.jpeg
22.L5766.jpeg
22.L5767.jpeg
22.L8316.jpeg
22.L8318.jpeg
22.L8319.jpeg
22.L8331.jpeg
22.L8332.jpeg
22.L8333.jpeg
22.L8334.jpeg
22.L8335.jpeg
22.L8336.jpeg
22.L8342.jpeg
22.L8344.jpeg
22.L8418.jpeg
22.L8436.jpeg
22.L8508.jpeg
22.L8512.jpeg
22.L8762.jpeg
22.L8763.jpeg
22.l8772.jpeg
22.L8927.jpeg
22.L8928.jpeg
22.L8941.jpeg
22.L8942.jpeg
22.l8943.jpeg
22.L8944.jpeg
22.L8945.jpeg
22.L8991.jpeg
22.L8992.jpeg
22.L8996.jpeg
22.L8998.jpeg
22.L9004.jpeg
22.L9005.jpeg
22.L9006.jpeg
22.L9007.jpeg
22.L9008.jpeg
22.L9009.jpeg
22.l9028.jpeg
22.L9029.jpeg
22.L9030.jpeg
22.L9031.jpeg
22.L9032.jpeg
22.L9040.jpeg
22.L9041.jpeg
22.L9042.jpeg
22.L9043.jpeg
22.L9044.jpeg
22.L9045.jpeg
22.L9046.jpeg
22.L9047.jpeg
22.L9048.jpeg
22.L9049.jpeg
22.L9050.jpeg
22.L9051.jpeg
22.L9056.jpeg
22.L9057.jpeg
22.L9058.jpeg
22.L9059.jpeg
22.L9060.jpeg
22.L9061.jpeg
22.L9109.jpeg
22.L9110.jpeg
22.L9140.jpeg
22.L9141.jpeg
22.L9144.jpeg
22.L9145.jpeg
22.L9147.jpeg
22.L9198.jpeg
22.L9199.jpeg
22.L9200.jpeg
22.L9201.jpeg
22.L9210.jpeg
22.L9211.jpeg
22.l9214.jpeg
22.L9215.jpeg
22.L9216.jpeg
22.L9217.jpeg
22.L9254.jpeg
22.L9255.jpeg
22.L9256.jpeg
22.L9357.jpeg
22.L9517.jpeg
22.L9740.jpeg
23.4053.jpeg
23.A10324.jpeg
23.A10548.jpeg
23.A10549.jpeg
23.a10550.jpeg
23.a10578.jpeg
23.A10579.jpeg
23.A10960.jpeg
23.A10963.jpeg
23.A11111.jpeg
23.A11215.jpeg
23.A11472.jpeg
23.A11473.jpeg
23.A11535.jpeg
23.A11536.jpeg
23.A11537.jpeg
23.A11538.jpeg
23.A11572.jpeg
23.A11582.jpeg
23.A11599.jpeg
23.A11600.jpeg
23.A11606.jpeg
23.a11769.jpeg
23.A11773.jpeg
23.A12408.jpeg
23.A12409.jpeg
23.A12411.jpeg
23.A12412.jpeg
23.A12413.jpeg
23.A12414.jpeg
23.A12415.jpeg
23.A12723.jpeg
23.A12725.jpeg
23.A12726.jpeg
23.A12730.jpeg
23.A12731.jpeg
23.A12733.jpeg
23.A12795.jpeg
23.A13197.jpeg
23.A13198.jpeg
23.A13199.jpeg
23.A13200.jpeg
23.A13201.jpeg
23.A13202.jpeg
23.A13203.jpeg
23.A13204.jpeg
23.A13205.jpeg
23.A13206.jpeg
23.A14358.jpeg
23.A14476.jpeg
23.A14511.jpeg
23.A14822.jpeg
23.A14824.jpeg
23.A14830.jpeg
23.A14831.jpeg
23.A14833.jpeg
23.A14834.jpeg
23.A14841.jpeg
23.A14844.jpeg
23.A14845.jpeg
23.A15083.jpeg
23.A15521.jpeg
23.A4053.jpeg
23.A4639.jpeg
23.A4640.jpeg
23.A6048.jpeg
23.A6050.jpeg
23.A6051.jpeg
23.A6052.jpeg
23.A6635.jpeg
23.A70325.jpeg
23.A7065.jpeg
23.a7223.jpeg
23.A7233.jpeg
23.A7234.jpeg
23.A7235.jpeg
23.A7236.jpeg
23.A7362.jpeg
23.A7501.jpeg
23.A7505.jpeg
23.A7507.jpeg
23.A7688.jpeg
23.A7689.jpeg
23.A7690.jpeg
23.A7691.jpeg
23.A7692.jpeg
23.A7693.jpeg
23.A8184.jpeg
23.A8185.jpeg
23.A8309.jpeg
23.A8310.jpeg
23.A8311.jpeg
23.A8312.jpeg
23.A8527.jpeg
23.A8583.jpeg
23.A8584.jpeg
23.A8585.jpeg
23.A8586.jpeg
23.A8663.jpeg
23.A8834.jpeg
23.A9018.jpeg
23.A9019.jpeg
23.A9020.jpeg
23.A9146.jpeg
23.A9166.jpeg
23.A9245.jpeg
23.A9246.jpeg
23.A9247.jpeg
23.A9248.jpeg
23.A9249.jpeg
23.A9549.jpeg
23.A9718.jpeg
23.A9719.jpeg
23.A9720.jpeg
23.A9727.jpeg
23.A9729.jpeg
23.A9870.jpeg
23.B11111.jpeg
23.B1111.jpeg
23.B11272.jpeg
23.B11538.jpeg
23.B11599.jpeg
23.B11600.jpeg
23.B11769.jpeg
23.B12409.jpeg
23.b12410.jpeg
23.B12412.jpeg
23.B13196.jpeg
23.B13197.jpeg
23.B13200.jpeg
23.B13201.jpeg
23.B13203.jpeg
23.B13206.jpeg
23.B14033.jpeg
23.B14358.jpeg
23.B14476.jpeg
23.B14511.jpeg
23.B14824.jpeg
23.B14830.jpeg
23.B14831.jpeg
23.B14833.jpeg
23.B14834.jpeg
23.B14841.jpeg
23.B14844.jpeg
23.B14845.jpeg
23.B15517.jpeg
23.B4640.jpeg
23.B6635.jpeg
23.B7233.jpeg
23.B7235.jpeg
23.B7362.jpeg
23.B7505.jpeg
23.B7507.jpeg
23.B7688.jpeg
23.B7689.jpeg
23.B7690.jpeg
23.B7691.jpeg
23.B7692.jpeg
23.B7693.jpeg
23.B8182.jpeg
23.B8309.jpeg
23.B8310.jpeg
23.B8527.jpeg
23.B8583.jpeg
23.B8584.jpeg
23.B8585.jpeg
23.B8586.jpeg
23.B8663.jpeg
23.B8834.jpeg
23.b9019.jpeg
23.B9020.jpeg
23.B9146.jpeg
23.B9166.jpeg
23.B9245.jpeg
23.b9248.jpeg
23.B9249.jpeg
23.B9549.jpeg
23.B9720.jpeg
23.C12410.jpeg
23.C12412.jpeg
23.C12730.jpeg
23.C6635.jpeg
23.C7233.jpeg
23.C7235.jpeg
23.C7236.jpeg
23.C7362.jpeg
23.C7688.jpeg
23.C7689.jpeg
23.c7691.jpeg
23.C7692.jpeg
23.C7693.jpeg
23.C8182.jpeg
23.C8185.jpeg
23.C8309.jpeg
23.C8310.jpeg
23.C8527.jpeg
23.c8583.jpeg
23.C8585.jpeg
23.C8663.jpeg
23.C8834.jpeg
23.C9018.jpeg
23.C9019.jpeg
23.C9020.jpeg
23.c9146.jpeg
23.C9549.jpeg
23.C9550.jpeg
23.D11246.jpeg
23.D11247.jpeg
23.D11249.jpeg
23.D11258.jpeg
23.D11273.jpeg
23.D11375.jpeg
23.D11534.jpeg
23.D11600.jpeg
23.D11798.jpeg
23.D1183.jpeg
23.D12408.jpeg
23.D12727.jpeg
23.D12794.jpeg
23.D13527.jpeg
23.d13528.jpeg
23.D13856.jpeg
23.D14033.jpeg
23.D3747.jpeg
23.D4053.jpeg
23.D7235.jpeg
23.D7362.jpeg
23.D8586.jpeg
23.D8663.jpeg
23.D8834.jpeg
23.D9018.jpeg
23.D9248.jpeg
23.E12730.jpeg
23.E13198.jpeg
23.E13856.jpeg
23.E15549.jpeg
23.E4646.jpeg
23.E6635.jpeg
23.E7233.jpeg
23.E7235.jpeg
23.E7505.jpeg
23.E8185.jpeg
23.E9018.jpeg
23.E9245.jpeg
23.E9720.jpeg
23.F11538.jpeg
23.F13856.jpeg
23.F4053.jpeg
23.F6635.jpeg
23.F7233.jpeg
23.F7235.jpeg
23.F8834.jpeg
23.F9018.jpeg
23.F9720.jpeg
23.G11538.jpeg
23.G6635.jpeg
23.g7233.jpeg
23.G7235.jpeg
23.G8527.jpeg
23.G9146.jpeg
23.G9720.jpeg
23.H7505.jpeg
23.H8527.jpeg
23.H8834.jpeg
23.H9146.jpeg
23.I6635.jpeg
23.I7233.jpeg
23.J6635.jpeg
23.J7235.jpeg
23.J7505.jpeg
23.K14833.jpeg
23.K7235.jpeg
23.L10080.jpeg
23.L10324.jpeg
23.L10325.jpeg
23.L10548.jpeg
23.L10549.jpeg
23.l10550.jpeg
23.L10551.jpeg
23.L10578.jpeg
23.L10579.jpeg
23.L10959.jpeg
23.L10960.jpeg
23.L10961.jpeg
23.L10962.jpeg
23.L10963.jpeg
23.L11111.jpeg
23.L11112.jpeg
23.L11113.jpeg
23.L11215.jpeg
23.L11272.jpeg
23.L11472.jpeg
23.L11473.jpeg
23.L11536.jpeg
23.L11537.jpeg
23.L11539.jpeg
23.L11571.jpeg
23.L11574.jpeg
23.L11582.jpeg
23.L11605.jpeg
23.L11773.jpeg
23.L11798.jpeg
23.L12411.jpeg
23.L12412.jpeg
23.L12413.jpeg
23.L12414.jpeg
23.L12415.jpeg
23.L12723.jpeg
23.L12724.jpeg
23.L12725.jpeg
23.L12726.jpeg
23.L12727.jpeg
23.L12728.jpeg
23.L12730.jpeg
23.L12731.jpeg
23.L12733.jpeg
23.L12794.jpeg
23.L12795.jpeg
23.L12804.jpeg
23.L13196.jpeg
23.L1661.jpeg
23.L2898.jpeg
23.L2900.jpeg
23.L30077.jpeg
23.L30147.jpeg
23.L30148.jpeg
23.L30201.jpeg
23.L3067.jpeg
23.L3417.jpeg
23.L3418.jpeg
23.L3419.jpeg
23.L3421.jpeg
23.L3422.jpeg
23.L3423.jpeg
23.L3424.jpeg
23.L3738.jpeg
23.L3742.jpeg
23.L3743.jpeg
23.L3744.jpeg
23.L3746.jpeg
23.L3748.jpeg
23.L4053.jpeg
23.L4638.jpeg
23.L4640.jpeg
23.L4641.jpeg
23.L4645.jpeg
23.L6048.jpeg
23.L6051.jpeg
23.L6052.jpeg
23.L6632.jpeg
23.L6634.jpeg
23.L6905.jpeg
23.L6906.jpeg
23.L6907.jpeg
23.L7064.jpeg
23.L7065.jpeg
23.L7233.jpeg
23.L7234.jpeg
23.L7236.jpeg
23.L7238.jpeg
23.L7362.jpeg
23.L7363.jpeg
23.L7501.jpeg
23.L7505.jpeg
23.L7507.jpeg
23.L7688.jpeg
23.L7689.jpeg
23.L7690.jpeg
23.L7691.jpeg
23.L7692.jpeg
23.L7693.jpeg
23.L8182.jpeg
23.L8183.jpeg
23.L8184.jpeg
23.L8185.jpeg
23.L8309.jpeg
23.L8310.jpeg
23.L8311.jpeg
23.L8312.jpeg
23.L8527.jpeg
23.L8583.jpeg
23.L8584.jpeg
23.L8585.jpeg
23.L8586.jpeg
23.L8663.jpeg
23.L8834.jpeg
23.L9018.jpeg
23.L9019.jpeg
23.L9020.jpeg
23.L9146.jpeg
23.L9166.jpeg
23.L9245.jpeg
23.L9246.jpeg
23.L9247.jpeg
23.L9248.jpeg
23.L9249.jpeg
23.L9549.jpeg
23.L9550.jpeg
23.L9718.jpeg
23.L9719.jpeg
23.L9720.jpeg
23.L9727.jpeg
23.L9729.jpeg
23.L9821.jpeg
23.L9870.jpeg
23.M14831.jpeg
23.M7233.jpeg
23.M9720.jpeg
23.N6635.jpeg
23.N9720.jpeg
23.O6635.jpeg
23.O7233.jpeg
23.P12804.jpeg
23.P30201.jpeg
23.P3744.jpeg
23.P4053.jpeg
23.P4638.jpeg
23.P6632.jpeg
23.P6634.jpeg
23.P6906.jpeg
23.P6907.jpeg
23.P7064.jpeg
23.P7233.jpeg
23.P7507.jpeg
23.Q7233.jpeg
23.R7233.jpeg
23.S10962.jpeg
23.S11246.jpeg
23.s11247.jpeg
23.S11249.jpeg
23.S11258.jpeg
23.S11273.jpeg
23.S11375.jpeg
23.S11539.jpeg
23.S11600.jpeg
23.S1183.jpeg
23.S13204.jpeg
23.S13527.jpeg
23.s13528.jpeg
23.S3740.jpeg
23.S3747.jpeg
23.S7362.jpeg
23.S7363.jpeg
23.S7690.jpeg
23.S9249.jpeg
23.T6635.jpeg
23.U6635.jpeg
23.U7223.jpeg
23.V7223.jpeg
24.1131.jpeg
24.1132.jpeg
24.2971.jpeg
24.5001.jpeg
24.CT10046.jpeg
24.CT10047.jpeg
24.CT10048.jpeg
24.CT10049.jpeg
24.CT11165.jpeg
24.CT11462.jpeg
24.ct2664.jpeg
24.CT3523.jpeg
24.CT4452.jpeg
24.CT4453.jpeg
24.CT4454.jpeg
24.CT4455.jpeg
24.CT6420.jpeg
24.CT7015.jpeg
24.CT7016.jpeg
24.CT7017.jpeg
24.CT7019.jpeg
24.CT7021.jpeg
24.CT7025.jpeg
24.CT7026.jpeg
24.CT7027.jpeg
24.CT7030.jpeg
24.CT7031.jpeg
24.CT7032.jpeg
24.CT7033.jpeg
24.CT7034.jpeg
24.CT7036.jpeg
24.CT7038.jpeg
24.CT7040.jpeg
24.CT7041.jpeg
24.CT7043.jpeg
24.CT7044.jpeg
24.CT7045.jpeg
24.CT7046.jpeg
24.CT7047.jpeg
24.CT7051.jpeg
24.CT7054.jpeg
24.CT7100.jpeg
24.ct7101.jpeg
24.ct7102.jpeg
24.CT7105.jpeg
24.CT7106.jpeg
24.CT7107.jpeg
24.CT7113.jpeg
24.CT7115.jpeg
24.CT7119.jpeg
24.CT7121.jpeg
24.CT7227.jpeg
24.CT7228.jpeg
24.CT7249.jpeg
24.CT7250.jpeg
24.CT7251.jpeg
24.CT7252.jpeg
24.CT7253.jpeg
24.CT7254.jpeg
24.CT7262.jpeg
24.CT7263.jpeg
24.CT7264.jpeg
24.CT7265.jpeg
24.CT7266.jpeg
24.CT7267.jpeg
24.CT7268.jpeg
24.CT7269.jpeg
24.CT7273.jpeg
24.CT7274.jpeg
24.CT7275.jpeg
24.CT7276.jpeg
24.ct7277.jpeg
24.CT7277.jpeg
24.CT7280.jpeg
24.CT7281.jpeg
24.CT7364.jpeg
24.CT7376.jpeg
24.CT7386.jpeg
24.CT7387.jpeg
24.CT7388.jpeg
24.CT7389.jpeg
24.CT7390.jpeg
24.CT7391.jpeg
24.CT7398.jpeg
24.CT7399.jpeg
24.CT7400.jpeg
24.CT7401.jpeg
24.CT7403.jpeg
24.CT7404.jpeg
24.CT7405.jpeg
24.CT7408.jpeg
24.CT7409.jpeg
24.CT7410.jpeg
24.CT7411.jpeg
24.CT7412.jpeg
24.CT7439.jpeg
24.ct7631.jpeg
24.ct7632.jpeg
24.ct7633.jpeg
24.ct7634.jpeg
24.CT7635.jpeg
24.CT7636.jpeg
24.CT7637.jpeg
24.CT7638.jpeg
24.CT7640.jpeg
24.CT7641.jpeg
24.CT7642.jpeg
24.CT7643.jpeg
24.CT7644.jpeg
24.CT7645.jpeg
24.ct7646.jpeg
24.CT7647.jpeg
24.CT7648.jpeg
24.CT7649.jpeg
24.CT7650.jpeg
24.CT7651.jpeg
24.CT7652.jpeg
24.CT7844.jpeg
24.CT7845.jpeg
24.CT7846.jpeg
24.CT7847.jpeg
24.CT8028.jpeg
24.CT8029.jpeg
24.ct8030.jpeg
24.CT8030.jpeg
24.CT8031.jpeg
24.CT8032.jpeg
24.CT8033.jpeg
24.CT8034.jpeg
24.CT8035.jpeg
24.CT8036.jpeg
24.CT8037.jpeg
24.CT8038.jpeg
24.CT8039.jpeg
24.CT8040.jpeg
24.ct8041.jpeg
24.CT8042.jpeg
24.CT8043.jpeg
24.CT8044.jpeg
24.CT8045.jpeg
24.CT8046.jpeg
24.CT8047.jpeg
24.CT8048.jpeg
24.CT8049.jpeg
24.CT8050.jpeg
24.CT8051.jpeg
24.CT8052.jpeg
24.CT8053.jpeg
24.CT8054.jpeg
24.CT8055.jpeg
24.CT8056.jpeg
24.CT8057.jpeg
24.CT8059.jpeg
24.CT8060.jpeg
24.CT8061.jpeg
24.CT8062.jpeg
24.CT8063.jpeg
24.CT8064.jpeg
24.CT8102.jpeg
24.CT8103.jpeg
24.CT8284.jpeg
24.ct8448.jpeg
24.ct8449.jpeg
24.CT8501.jpeg
24.CT8502.jpeg
24.CT8503.jpeg
24.CT8504.jpeg
24.CT8576.jpeg
24.CT8672.jpeg
24.CT8722.jpeg
24.ct8736.jpeg
24.ct8737.jpeg
24.ct8738.jpeg
24.ct8739.jpeg
24.CT8777.jpeg
24.CT8785.jpeg
24.ct8786.jpeg
24.CT8790.jpeg
24.CT8791.jpeg
24.CT8792.jpeg
24.CT8793.jpeg
24.CT8794.jpeg
24.CT8802.jpeg
24.CT8803.jpeg
24.CT8804.jpeg
24.CT8805.jpeg
24.CT8806.jpeg
24.CT8807.jpeg
24.CT8808.jpeg
24.CT8813.jpeg
24.CT8815.jpeg
24.CT8820.jpeg
24.CT8822.jpeg
24.CT8826.jpeg
24.CT8827.jpeg
24.CT8828.jpeg
24.CT8829.jpeg
24.CT8830.jpeg
24.CT8831.jpeg
24.CT8832.jpeg
24.CT8833.jpeg
24.CT8843.jpeg
24.CT8848.jpeg
24.CT8849.jpeg
24.CT8851.jpeg
24.ct8852.jpeg
24.CT8855.jpeg
24.CT8857.jpeg
24.CT8861.jpeg
24.CT8862.jpeg
24.CT8864.jpeg
24.CT8867.jpeg
24.CT8868.jpeg
24.CT8875.jpeg
24.CT8890.jpeg
24.CT8891.jpeg
24.CT8902.jpeg
24.CT9134.jpeg
24.CT9279.jpeg
24.CT9297.jpeg
24.CT9299.jpeg
24.CT9304.jpeg
24.CT9305.jpeg
24.CT9306.jpeg
24.CT9313.jpeg
24.CT9743.jpeg
24.CT9744.jpeg
24.CT9745.jpeg
24.CT9746.jpeg
24.CT9747.jpeg
24.CT9748.jpeg
24.CT9749.jpeg
24.CT9750.jpeg
24.CT9751.jpeg
24.CT9752.jpeg
24.CT9754.jpeg
24.CT9755.jpeg
24.CT9757.jpeg
24.CT9758.jpeg
24.CT9760.jpeg
24.CT9761.jpeg
24.CT9762.jpeg
24.CT9766.jpeg
24.CT9786.jpeg
24.CT9787.jpeg
24.CT9788.jpeg
24.CT9791.jpeg
24.CT9792.jpeg
24.CT9794.jpeg
24.CT9798.jpeg
24.CT9799.jpeg
24.CT9801.jpeg
24.CT9803.jpeg
24.CT9856.jpeg
24.CT9872.jpeg
24.CT9873.jpeg
30.2358.jpeg
30.K12935.jpeg
30.K12937.jpeg
30.K12939.jpeg
30.K12952.jpeg
30.K12953.jpeg
30.K12954.jpeg
30.K13728.jpeg
30.K13729.jpeg
30.K13731.jpeg
30.K13734.jpeg
30.K13773.jpeg
30.K14026.jpeg
30.K14127.jpeg
30.K14128.jpeg
30.K14131.jpeg
30.K14133.jpeg
30.K14272.jpeg
30.K14435.jpeg
30.K14437.jpeg
30.K14438.jpeg
30.K14440.jpeg
30.K14441.jpeg
30.K14443.jpeg
30.K14444.jpeg
30.K14445.jpeg
30.K14778.jpeg
30.K14790.jpeg
30.K14849.jpeg
30.K14850.jpeg
30.K14896.jpeg
30.K14897.jpeg
30.K14898.jpeg
30.K14917.jpeg
30.K14918.jpeg
30.K14919.jpeg
30.K14920.jpeg
30.K14922.jpeg
30.K14924.jpeg
30.K15294.jpeg
30.K15296.jpeg
30.K15298.jpeg
30.K15299.jpeg
30.K15706.jpeg
30.K15708.jpeg
31.A10013.jpeg
31.A9806.jpeg
31.A9808.jpeg
31.A9810.jpeg
31.B9585.jpeg
31.C9585.jpeg
31.D9585.jpeg
31.E9585.jpeg
31.L10010.jpeg
31.L10204.jpeg
31.L10205.jpeg
31.L10206.jpeg
31.L10210.jpeg
31.L10211.jpeg
31.L10212.jpeg
31.L10213.jpeg
31.L10214.jpeg
31.L10215.jpeg
31.L10216.jpeg
31.L10217.jpeg
31.L10218.jpeg
31.L10219.jpeg
31.L10220.jpeg
31.L10242.jpeg
31.L10243.jpeg
31.L10244.jpeg
31.l10245.jpeg
31.L10246.jpeg
31.L10247.jpeg
31.L10248.jpeg
31.L30451.jpeg
31.L9388.jpeg
31.L9389.jpeg
31.L9562.jpeg
31.L9596.jpeg
31.L9598.jpeg
31.L9599.jpeg
31.L9600.jpeg
31.L9605.jpeg
31.L9809.jpeg
31.L9811.jpeg
31.P10014.jpeg
31.P9386.jpeg
31.P9387.jpeg
32.10967.jpeg
32.10968.jpeg
32.10969.jpeg
32.10970.jpeg
32.10971.jpeg
32.10972.jpeg
32.10973.jpeg
32.10974.jpeg
32.10975.jpeg
32.10976.jpeg
32.10977.jpeg
32.10978.jpeg
32.10979.jpeg
32.11277.jpeg
32.11436.jpeg
32.11437.jpeg
32.11438.jpeg
32.11439.jpeg
32.11440.jpeg
32.11441.jpeg
32.11550.jpeg
32.11551.jpeg
32.11552.jpeg
32.11553.jpeg
32.11554.jpeg
32.11555.jpeg
32.11585.jpeg
32.11586.jpeg
32.11587.jpeg
32.11659.jpeg
32.11660.jpeg
32.11661.jpeg
32.11662.jpeg
32.A9272.jpeg
32.A9831.jpeg
32.J10970.jpeg
32.J11438.jpeg
32.J11440.jpeg
32.J11441.jpeg
32.J11551.jpeg
32.J11586.jpeg
32.J11587.jpeg
32.J11659.jpeg
32.J11660.jpeg
32.J11661.jpeg
32.J11662.jpeg
32.J11934.jpeg
32.J11935.jpeg
32.J11936.jpeg
32.J11937.jpeg
32.J11938.jpeg
32.J11939.jpeg
32.J11940.jpeg
32.J12065.jpeg
32.J12066.jpeg
32.J12068.jpeg
32.J12248.jpeg
32.J12249.jpeg
32.J12250.jpeg
32.J12251.jpeg
32.J12252.jpeg
32.J12253.jpeg
32.J12254.jpeg
32.J12255.jpeg
32.J12256.jpeg
32.J12257.jpeg
32.J12258.jpeg
32.J13146.jpeg
32.J13147.jpeg
32.J13149.jpeg
32.J13448.jpeg
32.J13449.jpeg
32.J13450.jpeg
32.J13451.jpeg
32.j14256.jpeg
32.j14257.jpeg
32.J1999.jpeg
32.J30055.jpeg
32.J30056.jpeg
32.J7661.jpeg
32.J9272.jpeg
32.J9831.jpeg
33.A.jpeg
34.N1999.jpeg
36.A30748.jpeg
36.L30748.jpeg
8.1000.jpg
8.1001.jpg
8.1002.jpg
8.1003.jpg
8.1004.jpg
8.1005.jpg
8.10117.jpeg
8.10121.jpeg
8.11055.jpeg
8.1106.jpg
8.1113.jpeg
8.1113.jpg
8.1114.jpg
8.1115.jpg
8.1117.jpg
8.1130.jpeg
8.1131.jpeg
8.1132.jpeg
8.1132.jpg
8.1133.jpg
8.1135.jpg
8.1136.jpg
8.11373.jpeg
8.1137.jpg
8.1138.jpg
8.1139.jpg
8.1140.jpg
8.11450.jpeg
8.11451.jpeg
8.11462.jpeg
8.11518.jpeg
8.11520.jpeg
8.11565.jpeg
8.11566.jpeg
8.11567.jpeg
8.11568.jpeg
8.11569.jpeg
8.11614.jpeg
8.11628.jpeg
8.11629.jpeg
8.11630.jpeg
8.11632.jpeg
8.11633.jpeg
8.11706.jpeg
8.11716.jpeg
8.11810.jpeg
8.11858.jpeg
8.11997.jpeg
8.1243.jpeg
8.1245.jpeg
8.1250.jpeg
8.1258.jpeg
8.1263.jpg
8.1265.jpg
8.1267.jpg
8.1269.jpg
8.1270.jpg
8.1271.jpg
8.1272.jpg
8.1273.jpg
8.1274.jpg
8.1275.jpg
8.1276.jpg
8.1277.jpg
8.1278.jpg
8.1279.jpg
8.1280.jpg
8.1281.jpg
8.1282.jpg
8.1283.jpg
8.1285.jpg
8.1286.jpg
8.1287.jpg
8.1288.jpg
8.1289.jpg
8.1290.jpg
8.1291.jpg
8.1292.jpg
8.1293.jpg
8.1295.jpg
8.1296.jpg
8.1297.jpg
8.1298.jpg
8.1299.jpg
8.1300.jpg
8.1302.jpg
8.1303.jpg
8.1304.jpg
8.1305.jpg
8.1306.jpg
8.1307.jpg
8.1308.jpg
8.13095.jpeg
8.1309.jpg
8.1323.jpg
8.1324.jpg
8.1325.jpg
8.1326.jpg
8.1327.jpg
8.1328.jpg
8.1329.jpg
8.1330.jpg
8.1331.jpg
8.1332.jpg
8.1333.jpg
8.1334.jpg
8.1335.jpeg
8.1335.jpg
8.1336.jpg
8.1337.jpg
8.1338.jpeg
8.1338.jpg
8.1339.jpg
8.1340.jpg
8.1341.jpg
8.13425.jpeg
8.1342.jpg
8.1343.jpg
8.1344.jpg
8.1345.jpg
8.1346.jpg
8.1347.jpg
8.1348.jpg
8.1349.jpg
81349.jpg
8.1350.jpg
8.1351.jpg
8.1352.jpg
8.1353.jpg
8.1354.jpg
8.1355.jpg
8.1356.jpg
8.1357.jpg
8.1358.jpg
8.1359.jpg
8.1360.jpg
8.1362.jpg
8.1364.jpg
8.1365.jpg
8.1366.jpg
8.1367.jpg
8.1368.jpg
8.1369.jpg
8.1370.jpg
8.1371.jpg
8.1372.jpg
8.1373.jpg
8.1375.jpg
8.1376.jpg
8.1377.jpg
8.13785.jpeg
8.1378.jpg
8.1379.jpg
8.1381.jpg
8.1382.jpg
8.1383.jpg
8.1384.jpg
8.1385.jpg
8.1386.jpg
8.1387.jpg
8.1388.jpg
8.1389.jpg
8.1427.jpg
8.1428.jpg
8.1429.jpg
8.1430.jpg
8.1431.jpg
8.1432.jpg
8.1434.jpg
8.1435.jpg
8.1436.jpg
8.1437.jpg
8.1438.jpg
8.1439.jpg
8.1440.jpg
8.1441.jpg
8.1460.jpg
8.1461.jpg
8.1473.jpg
8.1474.jpg
8.1475.jpg
8.1476.jpg
8.1478.jpg
8.1480.jpg
8.1481.jpg
8.1482.jpg
8.1483.jpg
8.1484.jpg
8.1485.jpg
8.1488.jpg
8.1489.jpg
8.1493.jpg
8.1494 A.jpg
8.1494.jpg
8.1499.jpg
8.1500.jpg
8.1501.jpg
8.1502.jpg
8.1503.jpg
8.1504.jpg
8.1505.jpg
8.1506.jpg
8.1520.jpg
8.1521.jpg
8.1522.jpg
8.1523.jpg
8.1524.jpg
8.1525.jpg
8.1526.jpg
8.1527.jpg
8.1549.jpg
8.1550.jpg
8.1551.jpg
8.1552.jpeg
8.1553.jpeg
8.1554.jpeg
8.1555.jpeg
8.1555.jpg
8.1556.jpg
8.1557.jpg
8.1560.jpg
8.1561.jpg
8.1563.jpg
8.1564.jpg
8.1565.jpg
8.1566.jpeg
8.1566.jpg
8.1567.jpg
8.1568.jpeg
8.1583.jpeg
8.1584.jpeg
8.1588.jpeg
8.1590.jpeg
8.1598.jpeg
8.1599.jpeg
8.1607.jpg
8.1608.jpg
8.1609.jpg
8.1610.jpg
8.1611.jpg
8.1612.jpg
8.1617.jpg
8.1618.jpeg
8.1619.jpeg
8.1621.jpeg
8.1622.jpg
8.1625.jpg
8.1626.jpg
8.1628.jpg
8.1632.jpg
8.1633.jpg
8.1634.jpg
8.1635.jpg
8.1637.jpg
8.1644.jpeg
8.1645.jpg
8.1671.jpg
8.1672.jpg
8.1675.jpg
8.1676.jpg
8.1677.jpg
8.1678.jpg
8.1679.jpg
8.1680.jpg
8.1681.jpg
8.1682.jpg
8.170.jpg
8.1739.jpg
8.1741.jpeg
8.1742.jpeg
8.1744.jpeg
8.1745.jpeg
8.1749.jpeg
8.1750.jpeg
8.1978.jpg
8.1979.jpg
8.1980.jpg
8.1981.jpg
8.1982.jpg
8.1983.jpg
8.1984.jpg
8.1985.jpg
8.1986.jpg
8.1987.jpg
8.1988.jpg
8.1995.jpeg
8.1996.jpeg
8.2006.jpeg
8.2008.jpeg
8.2010.jpeg
8.2015.jpeg
8.2017.jpeg
8.2018.jpeg
8.2019.jpeg
8.2020.jpeg
8.2025.jpeg
8.2026.jpeg
8.2027.jpeg
8.2028.jpeg
8.2029.jpeg
8.2030.jpeg
8.2031.jpeg
8.2032.jpeg
8.2033.jpeg
8.2061.jpeg
8.2062.jpeg
8.2063.jpeg
8.2090.jpeg
8.2090.jpg
8.2091.jpg
8.2092.jpg
8.2093.jpeg
8.2095.jpeg
8.2096.jpeg
8.2097.jpeg
8.2118.jpeg
8.2119.jpeg
8.2120.jpeg
8.2121.jpeg
8.2122.jpeg
8.2123.jpeg
8.2124.jpeg
8.2196.jpeg
8.2197.jpeg
8.2198.jpeg
8.2199.jpeg
8.2200.jpeg
8.2201.jpg
8.2203.jpeg
8.2204.jpeg
8.2205.jpeg
8.223.jpg
8.2256.jpeg
8.2265.jpeg
8.2266.jpeg
8.2269.jpeg
8.2270.jpeg
8.2279.jpeg
8.2280.jpeg
8.2281.jpeg
8.2282.jpeg
8.2283.jpeg
8.2284.jpeg
8.2345.jpeg
8.2346.jpeg
8.2354.jpeg
8.2367.jpeg
8.2368.jpeg
8.2370.jpeg
8.2371.jpeg
8.2372.jpeg
8.2373.jpeg
8.2400.jpeg
8.2401.jpeg
8.2402.jpeg
8.2403.jpeg
8.2414.jpeg
8.2524.jpeg
8.2525.jpeg
8.2526.jpeg
8.2527.jpeg
8.2528.jpeg
8.2529.jpeg
8.2530.jpeg
8.2531.jpeg
8.2532.jpeg
8.2533.jpeg
8.2534.jpeg
8.2535.jpeg
8.2536.jpeg
8.2537.jpeg
8.2538.jpeg
8.2613.jpeg
8.2614.jpeg
8.2638.jpeg
8.3123.jpeg
8.3307.jpeg
8.3563.jpeg
8.3606.jpeg
8.4106.jpeg
8.4128.jpeg
8.4452.jpeg
8.4453.jpeg
8.465.jpg
8.466.jpg
8.4950.jpeg
8.5027.jpeg
8.515.jpg
8.546.jpg
8.547.jpg
8.548.jpg
8.549.jpg
8.588.jpg
8.589.jpg
8.590.jpg
8.591.jpg
8.592.jpg
8.593.jpg
8.594.jpg
8.595.jpg
8.596.jpg
8.598.jpg
8.605.jpg
8.606.jpg
8.607.jpg
8.608.jpg
8.609.jpg
8.610.jpg
8.616.jpg
8.617.jpg
8.618.jpg
8.621.jpg
8.622.jpg
8.624.jpg
8.625A.jpg
8.625.jpg
8.6281.jpeg
8.628.jpg
8.629.jpg
8.630.jpg
8.631.jpg
8.6323.jpeg
8.6324.jpeg
8.6325.jpeg
8.634.jpg
8.635.jpg
8.6370.jpeg
8.672.jpg
8.673.jpg
8.674.jpg
8.675.jpg
8.679.jpg
8.680.jpg
8.681.jpg
8.682.jpg
8.6835.jpeg
8.6838.jpeg
8.683.jpg
8.6842.jpeg
8.685.jpg
8.696.jpg
8.697.jpg
8.699.jpg
8.700.jpg
8.7016.jpeg
8.7018.jpeg
8.701.jpg
8.7026.jpeg
8.7027.jpeg
8.702.jpg
8.7031.jpeg
8.7033.jpeg
8.7039.jpeg
8.703.jpg
8.705.jpg
8.706.jpg
8.707.jpg
8.7081.jpeg
8.7098.jpeg
8.710.jpg
8.7119.jpeg
8.713.jpg
8.714.jpg
8.717.jpg
8.718.jpg
8.720.jpg
8.725.jpg
8.726.jpg
8.727.jpg
8.728.jpg
8.731.jpg
8.733.jpg
8.734.jpg
8.735.jpg
8.7364.jpeg
8.736.jpg
8.7381.jpeg
8.7382.jpeg
8.7384.jpeg
8.7389.jpeg
8.7390.jpeg
8.7399.jpeg
8.739.jpg
8.7400.jpeg
8.7401.jpeg
8.7413.jpeg
8.7416.jpeg
8.741.jpg
8.743.jpg
8.744.jpg
8.745.jpg
8.746.jpg
8.747.jpg
8.751.jpg
8.752.jpg
8.7641.jpeg
8.7652.jpeg
8.7844.jpeg
8.7845.jpeg
8.8033.jpeg
8.8041.jpeg
8.8060.jpeg
8.808.jpg
8.809.jpg
8.810.jpg
8.814.jpg
8.815.jpg
8.816.jpg
8.817.jpg
8.818.jpg
8.820.jpg
8.822.jpg
8.823.jpg
8.8571.jpeg
8.8574.jpeg
8.8578.jpeg
8.8579.jpeg
8.8716.jpeg
8.8720.jpeg
8.8803.jpeg
8.8805.jpeg
8.8812.jpeg
8.8815.jpeg
8.8818.jpeg
8.8846.jpeg
8.8851.jpeg
8.8852.jpeg
8.8854.jpeg
8.8857.jpeg
8.8858.jpeg
8.8859.jpeg
8.8860.jpeg
8.8861.jpeg
8.8863.jpeg
8.8865.jpeg
8.8880.jpeg
8.8885.jpeg
8.8890.jpeg
8.8892.jpeg
8.8895.jpeg
8.8898.jpeg
8.8.jpeg
8.9058.jpeg
8.9274.jpeg
8.9279.jpeg
8.9297.jpeg
8.9298.jpeg
8.9301.jpeg
8.9313.jpeg
8.948.jpg
8.949.jpg
8.950.jpg
8.951.jpg
8.952.jpg
8.953.jpg
8.954.jpg
8.955.jpg
8.956.jpg
8.957.jpg
8.958.jpg
8.959.jpg
8.9747.jpeg
8.9751.jpeg
8.9755.jpeg
8.9758.jpeg
8.9764.jpeg
8.9793.jpeg
8.983.jpg
8.984.jpg
8.985.jpg
8.9865.jpeg
8.986.jpg
8.9871.jpeg
8.9872.jpeg
8.987.jpg
8.988.jpg
8.989.jpg
8.990.jpg
8.991.jpg
8.992.jpg
8.993.jpg
8.994.jpg
8.995.jpg
8.996.jpg
8.997.jpg
8.998.jpg
8.999.jpg
8.A1131.jpeg
8.A1338.jpeg
8.A-1494.jpg
8.A1587.jpeg
8.A1624.jpeg
8.A1630.jpeg
8.A1743.jpeg
8.A1746.jpeg
8.A1747.jpeg
8.A1748.jpeg
8.A-2201.jpeg
8.A2206.jpeg
8.A-2208.jpeg
8.A2208.jpeg
8.A-2210.jpeg
8.A2210.jpeg
8.A2254.jpeg
8.A2255.jpeg
8.A2268.jpeg
8.A2287.jpeg
8.A2971.jpeg
8.A3560.jpeg
8.A4483.jpeg
8.A5001.jpeg
8.A7079.jpeg
8.A7088.jpeg
8.A7108.jpeg
8.A7114.jpeg
8.A7572.jpeg
8.A8042.jpeg
8.A817.jpeg
8.A819.jpeg
8.A820.jpeg
8.A821.jpeg
8.B1131.jpeg
8.B1587.jpeg
8.B2972.jpeg
8.B4124.jpeg
8.B4952.jpeg
8.B6503.jpeg
8.B7571.jpeg
8.B8812.jpeg
8.C1132.jpeg
8.c8580.jpeg
8.D1131.jpeg
8.D4124.jpeg
8.F10049.jpeg
8.F10071.jpeg
8.F10073.jpeg
8.F10077.jpeg
8.F10078.jpeg
8.F10079.jpeg
8.F10080.jpeg
8.F10081.jpeg
8.F10083.jpeg
8.F10087.jpeg
8.F10088.jpeg
8.F10089.jpeg
8.F10092.jpeg
8.F10093.jpeg
8.F10096.jpeg
8.F10117.jpeg
8.F10121.jpeg
8.F10122.jpeg
8.F10124.jpeg
8.F10125.jpeg
8.f10127.jpeg
8.F10135.jpeg
8.F10178.jpeg
8.F10180.jpeg
8.F10181.jpeg
8.F10183.jpeg
8.F10184.jpeg
8.F10186.jpeg
8.F10415.jpeg
8.F10416.jpeg
8.F10418.jpeg
8.F10419.jpeg
8.F10420.jpeg
8.f10423.jpeg
8.F1131.jpeg
8.F11373.jpeg
8.F11450.jpeg
8.F11451.jpeg
8.F11456.jpeg
8.F11462.jpeg
8.F11515.jpeg
8.F11518.jpeg
8.F11520.jpeg
8.F11565.jpeg
8.F11566.jpeg
8.F11568.jpeg
8.F11569.jpeg
8.F11614.jpeg
8.F11625.jpeg
8.F11627.jpeg
8.F11628.jpeg
8.f11629.jpeg
8.F11630.jpeg
8.F11632.jpeg
8.F11633.jpeg
8.F11688.jpeg
8.F11689.jpeg
8.F11690.jpeg
8.F11691.jpeg
8.F11692.jpeg
8.F11693.jpeg
8.F11694.jpeg
8.F11695.jpeg
8.F11696.jpeg
8.F11706.jpeg
8.F11716.jpeg
8.F11737.jpeg
8.F11738.jpeg
8.f11739.jpeg
8.F11740.jpeg
8.f11741.jpeg
8.F11742.jpeg
8.F11747.jpeg
8.F11748.jpeg
8.F11749.jpeg
8.F11750.jpeg
8.F11751.jpeg
8.F11752.jpeg
8.F11756.jpeg
8.F11757.jpeg
8.F11758.jpeg
8.F11809.jpeg
8.F11810.jpeg
8.f11854.jpeg
8.F11855.jpeg
8.F11856.jpeg
8.F11857.jpeg
8.F11858.jpeg
8.F11992.jpeg
8.F11993.jpeg
8.F11994.jpeg
8.F11995.jpeg
8.F11997.jpeg
8.F12275.jpeg
8.F12296.jpeg
8.F12360.jpeg
8.F12643.jpeg
8.F12644.jpeg
8.F12645.jpeg
8.F12714.jpeg
8.F13094.jpeg
8.F13095.jpeg
8.F13096.jpeg
8.F13097.jpeg
8.F13098.jpeg
8.F1336.jpeg
8.F1338.jpeg
8.F13420.jpeg
8.F13424.jpeg
8.F13426.jpeg
8.F13438.jpeg
8.F13440.jpeg
8.F13446.jpeg
8.F13447.jpeg
8.F13469.jpeg
8.F13557.jpeg
8.f13558.jpeg
8.F13559.jpeg
8.F13560.jpeg
8.F13561.jpeg
8.F13655.jpeg
8.F13667.jpeg
8.F13668.jpeg
8.F13683.jpeg
8.F13684.jpeg
8.F13685.jpeg
8.F13686.jpeg
8.F13687.jpeg
8.F13689.jpeg
8.F13690.jpeg
8.F13691.jpeg
8.f13692.jpeg
8.F13693.jpeg
8.F13694.jpeg
8.F13695.jpeg
8.F13696.jpeg
8.F13697.jpeg
8.F13698.jpeg
8.F13699.jpeg
8.F13700.jpeg
8.F13701.jpeg
8.F13702.jpeg
8.F13703.jpeg
8.F13704.jpeg
8.F13705.jpeg
8.F13706.jpeg
8.F13707.jpeg
8.F13729.jpeg
8.F13731.jpeg
8.F13756.jpeg
8.F13757.jpeg
8.F13758.jpeg
8.F13759.jpeg
8.F13760.jpeg
8.F13784.jpeg
8.F13791.jpeg
8.F13793.jpeg
8.F13796.jpeg
8.F13918.jpeg
8.F13919.jpeg
8.F14038.jpeg
8.F14039.jpeg
8.F14042.jpeg
8.f14043.jpeg
8.F14044.jpeg
8.F14049.jpeg
8.F14069.jpeg
8.F14070.jpeg
8.f14071.jpeg
8.F14072.jpeg
8.F14134.jpeg
8.F14136.jpeg
8.F14209.jpeg
8.F14211.jpeg
8.f14214.jpeg
8.f14272.jpeg
8.F14339.jpeg
8.F14344.jpeg
8.f14367.jpeg
8.F14390.jpeg
8.F14392.jpeg
8.F14394.jpeg
8.F14396.jpeg
8.F14398.jpeg
8.F14613.jpeg
8.F14685.jpeg
8.F14686.jpeg
8.F14689.jpeg
8.F14690.jpeg
8.F14757.jpeg
8.F14762.jpeg
8.F14763.jpeg
8.F1498.jpeg
8.F15250.jpeg
8.F15253.jpeg
8.F15255.jpeg
8.F15305.jpeg
8.F15309.jpeg
8.F-1563.jpeg
8.F1563.jpeg
8.F1616.jpeg
8.f-1735.jpeg
8.f1735.jpeg
8.f1735.jpg
8.f-1736.jpeg
8.f1736.jpeg
8.f1736.jpg
8.F1736.jpg
8.F-1737.jpeg
8.F1737.jpg
8.F-1738.jpeg
8.F1738.jpeg
8.F1738.jpg
8.F-1740.jpeg
8.F1740.jpeg
8.F1740.jpg
8.F30019.jpeg
8.f3523.jpeg
8.F3601.jpeg
8.F3602.jpeg
8.F4949.jpeg
8.f5127.jpeg
8.F5358.jpeg
8.F5359.jpeg
8.F6408.jpeg
8.F6409.jpeg
8.F6411.jpeg
8.f6487.jpeg
8.F6488.jpeg
8.F6494.jpeg
8.F6495.jpeg
8.F6496.jpeg
8.F6497.jpeg
8.F6498.jpeg
8.F6508.jpeg
8.F6509.jpeg
8.F6510.jpeg
8.F6511.jpeg
8.F7015.jpeg
8.F7016.jpeg
8.F7018.jpeg
8.F7025.jpeg
8.F7026.jpeg
8.F7027.jpeg
8.f7030.jpeg
8.F7032.jpeg
8.F7034.jpeg
8.f7036.jpeg
8.F7038.jpeg
8.F7039.jpeg
8.F7040.jpeg
8.F7045.jpeg
8.F7051.jpeg
8.f7054.jpeg
8.F7057.jpeg
8.F7081.jpeg
8.F7106.jpeg
8.F7123.jpeg
8.F7227.jpeg
8.F7264.jpeg
8.F7266.jpeg
8.F7267.jpeg
8.F7273.jpeg
8.F7275.jpeg
8.F7276.jpeg
8.F7364.jpeg
8.f7389.jpeg
8.f7390.jpeg
8.f7391.jpeg
8.f7409.jpeg
8.F7554.jpeg
8.F7557.jpeg
8.F7558.jpeg
8.F7559.jpeg
8.F7560.jpeg
8.F7561.jpeg
8.F7562.jpeg
8.F7563.jpeg
8.F7564.jpeg
8.F7572.jpeg
8.F7573.jpeg
8.F7575.jpeg
8.f7589.jpeg
8.F7590.jpeg
8.F7591.jpeg
8.F7594.jpeg
8.F7595.jpeg
8.F7596.jpeg
8.F7597.jpeg
8.F7602.jpeg
8.F7604.jpeg
8.F7641.jpeg
8.F7844.jpeg
8.F7845.jpeg
8.F7846.jpeg
8.F7848.jpeg
8.F8029.jpeg
8.F8031.jpeg
8.F8033.jpeg
8.F8034.jpeg
8.F8035.jpeg
8.f8036.jpeg
8.F8041.jpeg
8.F8044.jpeg
8.F8313.jpeg
8.F8504.jpeg
8.F8571.jpeg
8.F8574.jpeg
8.F8576.jpeg
8.F8578.jpeg
8.F8579.jpeg
8.F8580.jpeg
8.F8581.jpeg
8.F8588.jpeg
8.F8589.jpeg
8.F8653.jpeg
8.F8654.jpeg
8.F8655.jpeg
8.F8716.jpeg
8.f8720.jpeg
8.F8737.jpeg
8.F8740.jpeg
8.F8741.jpeg
8.F8742.jpeg
8.F8743.jpeg
8.F8745.jpeg
8.F8746.jpeg
8.F8747.jpeg
8.F8748.jpeg
8.F8803.jpeg
8.F8805.jpeg
8.F8807.jpeg
8.F8812.jpeg
8.f8814.jpeg
8.F8814.jpeg
8.F8815.jpeg
8.F8818.jpeg
8.F8819.jpeg
8.F8822.jpeg
8.F8846.jpeg
8.F8849.jpeg
8.F8851.jpeg
8.F8852.jpeg
8.F8854.jpeg
8.F8855.jpeg
8.F8857.jpeg
8.f8858.jpeg
8.F8859.jpeg
8.F8860.jpeg
8.F8861.jpeg
8.F8862.jpeg
8.F8863.jpeg
8.F8865.jpeg
8.F8868.jpeg
8.F8869.jpeg
8.F8873.jpeg
8.F8876.jpeg
8.F8880.jpeg
8.F8885.jpeg
8.F8890.jpeg
8.F8891.jpeg
8.f8892.jpeg
8.F8895.jpeg
8.F8898.jpeg
8.F9066.jpeg
8.F9067.jpeg
8.F9068.jpeg
8.F9125.jpeg
8.F9192.jpeg
8.f9274.jpeg
8.F9279.jpeg
8.f9283.jpeg
8.F9292.jpeg
8.F9297.jpeg
8.F9298.jpeg
8.F9301.jpeg
8.F9306.jpeg
8.F9313.jpeg
8.F9609.jpeg
8.F9612.jpeg
8.F9613.jpeg
8.F9617.jpeg
8.F9624.jpeg
8.F9628.jpeg
8.f9721.jpeg
8.f9722.jpeg
8.F9723.jpeg
8.F9743.jpeg
8.F9747.jpeg
8.F9755.jpeg
8.F9756.jpeg
8.F9758.jpeg
8.F9764.jpeg
8.F9765.jpeg
8.F9766.jpeg
8.F9768.jpeg
8.F9793.jpeg
8.F9865.jpeg
8.F9871.jpeg
8.F9872.jpeg
8.H6485.jpeg
8.H6486.jpeg
8.I8580.jpeg
8.L10073.jpeg
8.L10090.jpeg
8.L10126.jpeg
8.L10133.jpeg
8.L10134.jpeg
8.L10136.jpeg
8.l10182.jpeg
8.L11055.jpeg
8.L11056.jpeg
8.L11567.jpeg
8.L11697.jpeg
8.L1242.jpeg
8.L1244.jpeg
8.L1248.jpeg
8.L1249.jpeg
8.L1250.jpeg
8.L1252.jpeg
8.L1253.jpeg
8.L1254.jpeg
8.L1255.jpeg
8.L1256.jpeg
8.L1257.jpeg
8.L1260.jpeg
8.L1261.jpeg
8.L1262.jpeg
8.L1310.jpeg
8.L1335.jpeg
8.L1338.jpeg
8.L1340.jpeg
8.L13785.jpeg
8.L1585.jpeg
8.L1586.jpeg
8.L1587.jpeg
8.L1589.jpeg
8.L1636.jpeg
8.L1638.jpeg
8.L1639.jpeg
8.L1640.jpeg
8.L1641.jpeg
8.L1997.jpeg
8.L1998.jpeg
8.L2005.jpeg
8.L2015.jpeg
8.L2034.jpeg
8.L2035.jpeg
8.L2036.jpeg
8.L2037.jpeg
8.L2038.jpeg
8.L2039.jpeg
8.L2043.jpeg
8.L2044.jpeg
8.L2045.jpeg
8.L2046.jpeg
8.L2047.jpeg
8.L2048.jpeg
8.L2049.jpeg
8.L2050.jpeg
8.L2051.jpeg
8.L2053.jpeg
8.L2054.jpeg
8.L2057.jpeg
8.L2126.jpeg
8.L2127.jpeg
8.L2130.jpeg
8.L2131.jpeg
8.L2132.jpeg
8.L2207.jpeg
8.L2209.jpeg
8.L2211.jpeg
8.L2257.jpeg
8.L2258.jpeg
8.l2260.jpeg
8.L2261.jpeg
8.L2262.jpeg
8.L2267.jpeg
8.L2272.jpeg
8.L2273.jpeg
8.L2274.jpeg
8.L2275.jpeg
8.L2280.jpeg
8.L2285.jpeg
8.L2286.jpeg
8.L2287.jpeg
8.L2289.jpeg
8.L2290.jpeg
8.L2291.jpeg
8.L2292.jpeg
8.L2294.jpeg
8.L2297.jpeg
8.L2298.jpeg
8.L2301.jpeg
8.L2302.jpeg
8.L2303.jpeg
8.L2304.jpeg
8.L2306.jpeg
8.L2307.jpeg
8.L2308.jpeg
8.L2309.jpeg
8.L2343.jpeg
8.L2344.jpeg
8.L2347.jpeg
8.L2348.jpeg
8.L2358.jpeg
8.L2359.jpeg
8.L2360.jpeg
8.L2361.jpeg
8.L2362.jpeg
8.L2363.jpeg
8.L2364.jpeg
8.L2365.jpeg
8.L2413.jpeg
8.L2415.jpeg
8.L2416.jpeg
8.L2417.jpeg
8.L2418.jpeg
8.L2419.jpeg
8.L2420.jpeg
8.L2421.jpeg
8.L2422.jpeg
8.L2423.jpeg
8.L2447.jpeg
8.L2448.jpeg
8.L2449.jpeg
8.L2451.jpeg
8.L2453.jpeg
8.L2454.jpeg
8.L2456.jpeg
8.L2458.jpeg
8.L2480.jpeg
8.L2481.jpeg
8.l2482.jpeg
8.l2483.jpeg
8.L2484.jpeg
8.L2485.jpeg
8.L2486.jpeg
8.L2487.jpeg
8.L2488.jpeg
8.L2489.jpeg
8.L2490.jpeg
8.L2491.jpeg
8.L2492.jpeg
8.L2493.jpeg
8.L2494.jpeg
8.L2495.jpeg
8.L2496.jpeg
8.L2497.jpeg
8.L2498.jpeg
8.L2499.jpeg
8.L2500.jpeg
8.L2501.jpeg
8.L2502.jpeg
8.L2503.jpeg
8.L2504.jpeg
8.L2505.jpeg
8.L2506.jpeg
8.L2507.jpeg
8.L2508.jpeg
8.L2509.jpeg
8.l2510.jpeg
8.L2511.jpeg
8.L2615.jpeg
8.L2617.jpeg
8.L2625.jpeg
8.L2629.jpeg
8.L2658.jpeg
8.L2659.jpeg
8.L2710.jpeg
8.L2814.jpeg
8.L2815.jpeg
8.L2816.jpeg
8.L2817.jpeg
8.L2944.jpeg
8.L2958.jpeg
8.L2963.jpeg
8.L2964.jpeg
8.L2965.jpeg
8.L2967.jpeg
8.L2968.jpeg
8.L2971.jpeg
8.L2972.jpeg
8.L2973.jpeg
8.L2975.jpeg
8.L2981.jpeg
8.L2983.jpeg
8.L2988.jpeg
8.L2989.jpeg
8.l2993.jpeg
8.l2996.jpeg
8.L2998.jpeg
8.L2999.jpeg
8.L3001.jpeg
8.L3003.jpeg
8.L30052.jpeg
8.L30092.jpeg
8.L30572.jpeg
8.L30573.jpeg
8.L3120.jpeg
8.L3122.jpeg
8.L3124.jpeg
8.l3125.jpeg
8.L3126.jpeg
8.L3138.jpeg
8.L3139.jpeg
8.L3176.jpeg
8.L3181.jpeg
8.l3301.jpeg
8.L3360.jpeg
8.L3361.jpeg
8.L3368.jpeg
8.L3375.jpeg
8.L3377.jpeg
8.L3378.jpeg
8.L3379.jpeg
8.L3522.jpeg
8.L3523.jpeg
8.L3530.jpeg
8.L3531.jpeg
8.L3532.jpeg
8.L3535.jpeg
8.L3536.jpeg
8.L3538.jpeg
8.L3543.jpeg
8.L3544.jpeg
8.L3545.jpeg
8.L3546.jpeg
8.L3547.jpeg
8.L3549.jpeg
8.L3550.jpeg
8.L3552.jpeg
8.L3553.jpeg
8.L3554.jpeg
8.L3555.jpeg
8.L3556.jpeg
8.L3558.jpeg
8.L3559.jpeg
8.L3560.jpeg
8.L3561.jpeg
8.L3562.jpeg
8.L3564.jpeg
8.L3565.jpeg
8.L3566.jpeg
8.L3567.jpeg
8.L3568.jpeg
8.L3569.jpeg
8.L3573.jpeg
8.L3574.jpeg
8.L3575.jpeg
8.L3576.jpeg
8.L3577.jpeg
8.L3578.jpeg
8.L3580.jpeg
8.L3581.jpeg
8.L3582.jpeg
8.L3583.jpeg
8.L3584.jpeg
8.L3585.jpeg
8.L3586.jpeg
8.L3587.jpeg
8.L3588.jpeg
8.L3589.jpeg
8.L3590.jpeg
8.L3591.jpeg
8.L3592.jpeg
8.L3593.jpeg
8.L3594.jpeg
8.L3595.jpeg
8.L3597.jpeg
8.L3598.jpeg
8.L3599.jpeg
8.L3600.jpeg
8.L3601.jpeg
8.L3602.jpeg
8.L3603.jpeg
8.L3604.jpeg
8.L3605.jpeg
8.L3606.jpeg
8.L3609.jpeg
8.L3610.jpeg
8.L3611.jpeg
8.L3614.jpeg
8.L3615.jpeg
8.L3801.jpeg
8.L3802.jpeg
8.L3803.jpeg
8.L3804.jpeg
8.L3805.jpeg
8.L3806.jpeg
8.L3807.jpeg
8.L3808.jpeg
8.L3809.jpeg
8.L3810.jpeg
8.L3811.jpeg
8.L3813.jpeg
8.L3814.jpeg
8.L3815.jpeg
8.L3816.jpeg
8.L3817.jpeg
8.L3818.jpeg
8.L3819.jpeg
8.L3820.jpeg
8.L3823.jpeg
8.L3824.jpeg
8.L3826.jpeg
8.L3827.jpeg
8.L3828.jpeg
8.L3829.jpeg
8.L3830.jpeg
8.L3835.jpeg
8.L3836.jpeg
8.L3837.jpeg
8.L3838.jpeg
8.L3839.jpeg
8.L3840.jpeg
8.L3841.jpeg
8.L3844.jpeg
8.L3845.jpeg
8.L3846.jpeg
8.L3847.jpeg
8.L4097.jpeg
8.L4106.jpeg
8.L4110.jpeg
8.L4111.jpeg
8.L4115.jpeg
8.L4122.jpeg
8.L4126.jpeg
8.L4128.jpeg
8.L4132.jpeg
8.L4138.jpeg
8.L4140.jpeg
8.L4144.jpeg
8.L4147.jpeg
8.L4151.jpeg
8.L4152.jpeg
8.L4153.jpeg
8.L4154.jpeg
8.L4155.jpeg
8.L4156.jpeg
8.L4157.jpeg
8.L4158.jpeg
8.L4159.jpeg
8.L4160.jpeg
8.L4161.jpeg
8.L4162.jpeg
8.L4176.jpeg
8.L4177.jpeg
8.L4178.jpeg
8.L4185.jpeg
8.L4186.jpeg
8.L4187.jpeg
8.L4188.jpeg
8.L4189.jpeg
8.L4190.jpeg
8.L4193.jpeg
8.L4194.jpeg
8.L4195.jpeg
8.L4196.jpeg
8.L4197.jpeg
8.L4198.jpeg
8.L4200.jpeg
8.L4201.jpeg
8.L4202.jpeg
8.L4203.jpeg
8.L4204.jpeg
8.L4205.jpeg
8.L4206.jpeg
8.L4207.jpeg
8.L4208.jpeg
8.L4209.jpeg
8.L4210.jpeg
8.L4211.jpeg
8.L4212.jpeg
8.L4213.jpeg
8.L4214.jpeg
8.L4215.jpeg
8.L4216.jpeg
8.L4217.jpeg
8.L4218.jpeg
8.L4219.jpeg
8.L4220.jpeg
8.L4221.jpeg
8.L4222.jpeg
8.L4223.jpeg
8.L4224.jpeg
8.L4225.jpeg
8.L4226.jpeg
8.L4227.jpeg
8.L4230.jpeg
8.L4232.jpeg
8.L4233.jpeg
8.L4234.jpeg
8.L4235.jpeg
8.L4236.jpeg
8.L4239.jpeg
8.L4241.jpeg
8.L4242.jpeg
8.L4243.jpeg
8.L4244.jpeg
8.L4245.jpeg
8.L4246.jpeg
8.L4247.jpeg
8.L4250.jpeg
8.L4252.jpeg
8.L4253.jpeg
8.L4254.jpeg
8.L4255.jpeg
8.L4257.jpeg
8.L4258.jpeg
8.L4259.jpeg
8.L4260.jpeg
8.L4261.jpeg
8.L4262.jpeg
8.L4263.jpeg
8.L4264.jpeg
8.L4265.jpeg
8.L4266.jpeg
8.L4267.jpeg
8.L4268.jpeg
8.L4269.jpeg
8.L4270.jpeg
8.L4271.jpeg
8.L4272.jpeg
8.L4273.jpeg
8.L4274.jpeg
8.L4275.jpeg
8.L4276.jpeg
8.L4277.jpeg
8.L4278.jpeg
8.L4279.jpeg
8.L4280.jpeg
8.L4281.jpeg
8.L4282.jpeg
8.L4283.jpeg
8.L4288.jpeg
8.L4289.jpeg
8.L4290.jpeg
8.L4291.jpeg
8.L4292.jpeg
8.L4294.jpeg
8.L4295.jpeg
8.L4296.jpeg
8.L4297.jpeg
8.L4298.jpeg
8.L4299.jpeg
8.L4304.jpeg
8.L4305.jpeg
8.L4306.jpeg
8.L4307.jpeg
8.L4308.jpeg
8.L4309.jpeg
8.L4310.jpeg
8.L4311.jpeg
8.L4312.jpeg
8.L4314.jpeg
8.L4315.jpeg
8.L4316.jpeg
8.L4317.jpeg
8.L4318.jpeg
8.L4319.jpeg
8.L4320.jpeg
8.L4321.jpeg
8.L4322.jpeg
8.L4323.jpeg
8.L4324.jpeg
8.L4325.jpeg
8.L4326.jpeg
8.L4327.jpeg
8.L4329.jpeg
8.L4330.jpeg
8.L4331.jpeg
8.L4333.jpeg
8.L4334.jpeg
8.L4335.jpeg
8.L4336.jpeg
8.L4337.jpeg
8.L4452.jpeg
8.L4453.jpeg
8.L4458.jpeg
8.L4464.jpeg
8.L4469.jpeg
8.L4477.jpeg
8.L4478.jpeg
8.L4479.jpeg
8.L4481.jpeg
8.L4485.jpeg
8.L4501.jpeg
8.L4502.jpeg
8.L4503.jpeg
8.L4505.jpeg
8.L4508.jpeg
8.L4509.jpeg
8.L4510.jpeg
8.L4511.jpeg
8.L4619.jpeg
8.L4629.jpeg
8.L4630.jpeg
8.L4724.jpeg
8.L4725.jpeg
8.L4726.jpeg
8.L4727.jpeg
8.L4728.jpeg
8.L4731.jpeg
8.L4732.jpeg
8.L4735.jpeg
8.L4739.jpeg
8.L4741.jpeg
8.L4742.jpeg
8.L4743.jpeg
8.L4744.jpeg
8.L4745.jpeg
8.L4747.jpeg
8.L4749.jpeg
8.L4750.jpeg
8.L4752.jpeg
8.L4754.jpeg
8.L4756.jpeg
8.L4757.jpeg
8.L4758.jpeg
8.L4760.jpeg
8.L4761.jpeg
8.L4762.jpeg
8.L4764.jpeg
8.L4765.jpeg
8.L4766.jpeg
8.L4768.jpeg
8.L4769.jpeg
8.L4770.jpeg
8.L4771.jpeg
8.L4772.jpeg
8.L4774.jpeg
8.L4775.jpeg
8.L4776.jpeg
8.L4777.jpeg
8.L4778.jpeg
8.L4779.jpeg
8.L4780.jpeg
8.L4781.jpeg
8.L4782.jpeg
8.L4783.jpeg
8.L4786.jpeg
8.L4791.jpeg
8.L4793.jpeg
8.L4794.jpeg
8.L4795.jpeg
8.L4796.jpeg
8.L4797.jpeg
8.L4798.jpeg
8.L4800.jpeg
8.L4801.jpeg
8.L4802.jpeg
8.L4807.jpeg
8.L4874.jpeg
8.L4875.jpeg
8.L4876.jpeg
8.L4877.jpeg
8.L4878.jpeg
8.L4879.jpeg
8.L4888.jpeg
8.L4948.jpeg
8.L4950.jpeg
8.L5027.jpeg
8.L5031.jpeg
8.L5123.jpeg
8.L5157.jpeg
8.L5158.jpeg
8.L5159.jpeg
8.L5276.jpeg
8.L5277.jpeg
8.L5278.jpeg
8.L5280.jpeg
8.L5281.jpeg
8.L5435.jpeg
8.L5437.jpeg
8.L5438.jpeg
8.L5507.jpeg
8.L5680.jpeg
8.L5681.jpeg
8.L5684.jpeg
8.l5685.jpeg
8.L5686.jpeg
8.L5689.jpeg
8.L5729.jpeg
8.L6127.jpeg
8.L6129.jpeg
8.L6130.jpeg
8.L6131.jpeg
8.L6133.jpeg
8.L6134.jpeg
8.L6137.jpeg
8.L6138.jpeg
8.L6148.jpeg
8.L6149.jpeg
8.L6150.jpeg
8.L6151.jpeg
8.L6267.jpeg
8.L6269.jpeg
8.L6272.jpeg
8.L6273.jpeg
8.L6281.jpeg
8.L6284.jpeg
8.L6285.jpeg
8.L6294.jpeg
8.L6295.jpeg
8.L6323.jpeg
8.L6324.jpeg
8.L6325.jpeg
8.L6368.jpeg
8.L6369.jpeg
8.L6370.jpeg
8.L6371.jpeg
8.L6420.jpeg
8.L6473.jpeg
8.L6474.jpeg
8.L6475.jpeg
8.L6476.jpeg
8.L6477.jpeg
8.L6478.jpeg
8.L6489.jpeg
8.L6490.jpeg
8.L6499.jpeg
8.L6502.jpeg
8.L6503.jpeg
8.L6504.jpeg
8.L6506.jpeg
8.L6507.jpeg
8.L6512.jpeg
8.L6513.jpeg
8.L6514.jpeg
8.L6515.jpeg
8.L6768.jpeg
8.L6769.jpeg
8.L6770.jpeg
8.L6799.jpeg
8.L6800.jpeg
8.L6832.jpeg
8.L6833.jpeg
8.L6835.jpeg
8.L6837.jpeg
8.L6838.jpeg
8.L6842.jpeg
8.L6845.jpeg
8.L6855.jpeg
8.L7031.jpeg
8.l7033.jpeg
8.L7082.jpeg
8.L7085.jpeg
8.L7086.jpeg
8.L7090.jpeg
8.L7091.jpeg
8.L7098.jpeg
8.L7099.jpeg
8.L7115.jpeg
8.L7116.jpeg
8.L7117.jpeg
8.L7118.jpeg
8.L7119.jpeg
8.L7120.jpeg
8.L7121.jpeg
8.L7137.jpeg
8.L7378.jpeg
8.L7379.jpeg
8.L7380.jpeg
8.L7381.jpeg
8.L7382.jpeg
8.L7383.jpeg
8.L7384.jpeg
8.L7385.jpeg
8.L7399.jpeg
8.L7400.jpeg
8.L7401.jpeg
8.L7402.jpeg
8.L7413.jpeg
8.L7414.jpeg
8.L7415.jpeg
8.L7416.jpeg
8.L7494.jpeg
8.L7498.jpeg
8.L7555.jpeg
8.L7556.jpeg
8.L7565.jpeg
8.L7566.jpeg
8.L7570.jpeg
8.L7571.jpeg
8.L7574.jpeg
8.L7576.jpeg
8.L7577.jpeg
8.L7578.jpeg
8.L7579.jpeg
8.L7580.jpeg
8.L7581.jpeg
8.L7582.jpeg
8.L7583.jpeg
8.L7584.jpeg
8.L7585.jpeg
8.L7586.jpeg
8.L7587.jpeg
8.L7588.jpeg
8.L7612.jpeg
8.L7617.jpeg
8.L7652.jpeg
8.L7981.jpeg
8.L7982.jpeg
8.L7983.jpeg
8.L7984.jpeg
8.L7985.jpeg
8.L7986.jpeg
8.L7987.jpeg
8.L7988.jpeg
8.L7989.jpeg
8.L7990.jpeg
8.L7992.jpeg
8.L7993.jpeg
8.L7994.jpeg
8.L7995.jpeg
8.L7996.jpeg
8.L7997.jpeg
8.L7998.jpeg
8.L7999.jpeg
8.L8000.jpeg
8.L8007.jpeg
8.L8008.jpeg
8.L8009.jpeg
8.L8010.jpeg
8.L8011.jpeg
8.L8012.jpeg
8.L8013.jpeg
8.L8014.jpeg
8.L8015.jpeg
8.L8016.jpeg
8.l8035.jpeg
8.L8041.jpeg
8.L8059.jpeg
8.L8060.jpeg
8.L8062.jpeg
8.L8314.jpeg
8.L8385.jpeg
8.L8386.jpeg
8.L8580.jpeg
8.L8587.jpeg
8.L8650.jpeg
8.L8652.jpeg
8.L8655.jpeg
8.L8744.jpeg
8.L8749.jpeg
8.L8850.jpeg
8.L9191.jpeg
8.L9193.jpeg
8.L9743.jpeg
8.L9751.jpeg
8.N2005.jpeg
8.o2005.jpeg
8.q1131.jpeg
8.S13420.jpeg
8.S9747.jpeg
8.TZF1.jpeg
8.U1131.jpeg
8.X1131.jpeg
8.Y1131.jpeg
8.Z1131.jpeg
datacard.png
giftbox.png
lk.out
nophoto.jpeg
nwcarrybag.png
regcarrybag.png
regpolybag.png
rename.php
slimcarrybag.png
slimpolybag.png
